2653	4		
-26.867	1	1.14E+02	0.25
-26.857	1	7.31E+01	0.25
-26.847	1	1.13E+02	0.25
-26.837	1	5.24E+01	0.25
-26.827	1	3.34E+00	0.25
-26.817	1	2.89E-02	0.25
-26.807	1	3.37E-05	0.25
-26.797	1	5.33E-09	0.25
-26.787	1	1.14E-13	0.25
-26.777	1	3.31E-19	0.25
-26.767	1	1.30E-25	0.25
-26.757	1	6.87E-33	0.25
-26.747	1	4.93E-41	0.25
-26.737	1	4.79E-50	0.25
-26.727	1	6.30E-60	0.25
-26.717	1	1.12E-70	0.25
-26.707	1	2.83E-82	0.25
-26.697	1	1.25E-83	0.25
-26.687	1	1.25E-83	0.25
-26.677	1	1.25E-83	0.25
-26.667	1	1.25E-83	0.25
-26.657	1	1.25E-83	0.25
-26.647	1	1.25E-83	0.25
-26.637	1	1.25E-83	0.25
-26.627	1	1.25E-83	0.25
-26.617	1	1.25E-83	0.25
-26.607	1	1.25E-83	0.25
-26.597	1	1.25E-83	0.25
-26.587	1	1.25E-83	0.25
-26.577	1	1.25E-83	0.25
-26.567	1	1.25E-83	0.25
-26.557	1	1.25E-83	0.25
-26.547	1	1.25E-83	0.25
-26.537	1	1.25E-83	0.25
-26.527	1	1.25E-83	0.25
-26.517	1	1.25E-83	0.25
-26.507	1	1.25E-83	0.25
-26.497	1	1.25E-83	0.25
-26.487	1	1.25E-83	0.25
-26.477	1	1.25E-83	0.25
-26.467	1	1.25E-83	0.25
-26.457	1	1.25E-83	0.25
-26.447	1	1.25E-83	0.25
-26.437	1	1.25E-83	0.25
-26.427	1	1.25E-83	0.25
-26.417	1	1.25E-83	0.25
-26.407	1	1.25E-83	0.25
-26.397	1	1.25E-83	0.25
-26.387	1	1.25E-83	0.25
-26.377	1	1.25E-83	0.25
-26.367	1	1.25E-83	0.25
-26.357	1	1.25E-83	0.25
-26.347	1	1.25E-83	0.25
-26.337	1	1.25E-83	0.25
-26.327	1	1.25E-83	0.25
-26.317	1	1.25E-83	0.25
-26.307	1	1.25E-83	0.25
-26.297	1	1.25E-83	0.25
-26.287	1	1.25E-83	0.25
-26.277	1	1.25E-83	0.25
-26.267	1	1.25E-83	0.25
-26.257	1	1.25E-83	0.25
-26.247	1	1.25E-83	0.25
-26.237	1	1.25E-83	0.25
-26.227	1	1.25E-83	0.25
-26.217	1	1.25E-83	0.25
-26.207	1	1.25E-83	0.25
-26.197	1	1.25E-83	0.25
-26.187	1	1.25E-83	0.25
-26.177	1	1.25E-83	0.25
-26.167	1	1.25E-83	0.25
-26.157	1	1.25E-83	0.25
-26.147	1	1.25E-83	0.25
-26.137	1	1.25E-83	0.25
-26.127	1	1.25E-83	0.25
-26.117	1	1.25E-83	0.25
-26.107	1	1.25E-83	0.25
-26.097	1	1.25E-83	0.25
-26.087	1	1.25E-83	0.25
-26.077	1	1.25E-83	0.25
-26.067	1	1.25E-83	0.25
-26.057	1	1.25E-83	0.25
-26.047	1	1.25E-83	0.25
-26.037	1	1.25E-83	0.25
-26.027	1	1.25E-83	0.25
-26.017	1	1.25E-83	0.25
-26.007	1	1.25E-83	0.25
-25.997	1	1.25E-83	0.25
-25.987	1	1.25E-83	0.25
-25.977	1	1.25E-83	0.25
-25.967	1	1.25E-83	0.25
-25.957	1	1.25E-83	0.25
-25.947	1	1.25E-83	0.25
-25.937	1	1.25E-83	0.25
-25.927	1	1.25E-83	0.25
-25.917	1	1.52E-83	0.25
-25.907	1	1.62E-72	0.25
-25.897	1	1.26E-61	0.25
-25.887	1	1.33E-51	0.25
-25.877	1	1.90E-42	0.25
-25.867	1	3.67E-34	0.25
-25.857	1	9.60E-27	0.25
-25.847	1	3.40E-20	0.25
-25.837	1	1.63E-14	0.25
-25.827	1	1.05E-09	0.25
-25.817	1	9.24E-06	0.25
-25.807	1	1.10E-02	0.25
-25.797	1	1.76E+00	0.25
-25.787	1	3.83E+01	0.25
-25.777	1	1.13E+02	0.25
-25.767	1	4.49E+01	0.25
-25.757	1	2.42E+00	0.25
-25.747	1	1.76E-02	0.25
-25.737	1	1.74E-05	0.25
-25.727	1	2.32E-09	0.25
-25.717	1	4.20E-14	0.25
-25.707	1	1.03E-19	0.25
-25.697	1	3.40E-26	0.25
-25.687	1	1.52E-33	0.25
-25.677	1	9.24E-42	0.25
-25.667	1	7.58E-51	0.25
-25.657	1	8.42E-61	0.25
-25.647	1	1.27E-71	0.25
-25.637	1	3.81E-83	0.25
-25.627	1	1.25E-83	0.25
-25.617	1	1.25E-83	0.25
-25.607	1	1.25E-83	0.25
-25.597	1	1.25E-83	0.25
-25.587	1	1.25E-83	0.25
-25.577	1	1.25E-83	0.25
-25.567	1	1.25E-83	0.25
-25.557	1	1.25E-83	0.25
-25.547	1	1.25E-83	0.25
-25.537	1	1.25E-83	0.25
-25.527	1	1.25E-83	0.25
-25.517	1	1.25E-83	0.25
-25.507	1	1.25E-83	0.25
-25.497	1	1.25E-83	0.25
-25.487	1	1.25E-83	0.25
-25.477	1	1.25E-83	0.25
-25.467	1	1.25E-83	0.25
-25.457	1	1.25E-83	0.25
-25.447	1	1.25E-83	0.25
-25.437	1	1.25E-83	0.25
-25.427	1	1.25E-83	0.25
-25.417	1	1.25E-83	0.25
-25.407	1	1.25E-83	0.25
-25.397	1	1.25E-83	0.25
-25.387	1	1.25E-83	0.25
-25.377	1	1.25E-83	0.25
-25.367	1	1.25E-83	0.25
-25.357	1	1.25E-83	0.25
-25.347	1	1.25E-83	0.25
-25.337	1	1.25E-83	0.25
-25.327	1	1.25E-83	0.25
-25.317	1	1.25E-83	0.25
-25.307	1	1.25E-83	0.25
-25.297	1	1.25E-83	0.25
-25.287	1	1.25E-83	0.25
-25.277	1	1.25E-83	0.25
-25.267	1	1.25E-83	0.25
-25.257	1	1.25E-83	0.25
-25.247	1	1.25E-83	0.25
-25.237	1	1.25E-83	0.25
-25.227	1	1.25E-83	0.25
-25.217	1	1.25E-83	0.25
-25.207	1	1.25E-83	0.25
-25.197	1	1.25E-83	0.25
-25.187	1	1.25E-83	0.25
-25.177	1	1.25E-83	0.25
-25.167	1	1.25E-83	0.25
-25.157	1	1.25E-83	0.25
-25.147	1	1.25E-83	0.25
-25.137	1	1.25E-83	0.25
-25.127	1	1.25E-83	0.25
-25.117	1	1.25E-83	0.25
-25.107	1	1.25E-83	0.25
-25.097	1	1.25E-83	0.25
-25.087	1	1.25E-83	0.25
-25.077	1	1.25E-83	0.25
-25.067	1	1.25E-83	0.25
-25.057	1	1.25E-83	0.25
-25.047	1	1.25E-83	0.25
-25.037	1	1.25E-83	0.25
-25.027	1	1.25E-83	0.25
-25.017	1	1.25E-83	0.25
-25.007	1	1.25E-83	0.25
-24.997	1	1.25E-83	0.25
-24.987	1	1.25E-83	0.25
-24.977	1	1.25E-83	0.25
-24.967	1	1.25E-83	0.25
-24.957	1	1.25E-83	0.25
-24.947	1	1.25E-83	0.25
-24.937	1	1.25E-83	0.25
-24.927	1	1.25E-83	0.25
-24.917	1	1.25E-83	0.25
-24.907	1	1.25E-83	0.25
-24.897	1	1.25E-83	0.25
-24.887	1	1.25E-83	0.25
-24.877	1	1.25E-83	0.25
-24.867	1	1.25E-83	0.25
-24.857	1	1.25E-83	0.25
-24.847	1	1.25E-83	0.25
-24.837	1	1.25E-83	0.25
-24.827	1	1.25E-83	0.25
-24.817	1	1.25E-83	0.25
-24.807	1	1.25E-83	0.25
-24.797	1	1.25E-83	0.25
-24.787	1	1.25E-83	0.25
-24.777	1	1.25E-83	0.25
-24.767	1	1.25E-83	0.25
-24.757	1	1.25E-83	0.25
-24.747	1	1.25E-83	0.25
-24.737	1	1.25E-83	0.25
-24.727	1	1.25E-83	0.25
-24.717	1	1.25E-83	0.25
-24.707	1	1.25E-83	0.25
-24.697	1	1.25E-83	0.25
-24.687	1	1.25E-83	0.25
-24.677	1	1.25E-83	0.25
-24.667	1	1.25E-83	0.25
-24.657	1	1.25E-83	0.25
-24.647	1	1.25E-83	0.25
-24.637	1	1.25E-83	0.25
-24.627	1	1.25E-83	0.25
-24.617	1	1.25E-83	0.25
-24.607	1	1.25E-83	0.25
-24.597	1	1.25E-83	0.25
-24.587	1	1.25E-83	0.25
-24.577	1	1.25E-83	0.25
-24.567	1	1.25E-83	0.25
-24.557	1	1.25E-83	0.25
-24.547	1	1.25E-83	0.25
-24.537	1	1.25E-83	0.25
-24.527	1	1.25E-83	0.25
-24.517	1	1.25E-83	0.25
-24.507	1	1.25E-83	0.25
-24.497	1	1.25E-83	0.25
-24.487	1	1.25E-83	0.25
-24.477	1	1.25E-83	0.25
-24.467	1	1.25E-83	0.25
-24.457	1	1.25E-83	0.25
-24.447	1	1.25E-83	0.25
-24.437	1	1.25E-83	0.25
-24.427	1	1.25E-83	0.25
-24.417	1	1.25E-83	0.25
-24.407	1	1.25E-83	0.25
-24.397	1	1.25E-83	0.25
-24.387	1	1.25E-83	0.25
-24.377	1	1.25E-83	0.25
-24.367	1	1.25E-83	0.25
-24.357	1	1.25E-83	0.25
-24.347	1	1.25E-83	0.25
-24.337	1	1.25E-83	0.25
-24.327	1	1.25E-83	0.25
-24.317	1	1.25E-83	0.25
-24.307	1	1.25E-83	0.25
-24.297	1	1.25E-83	0.25
-24.287	1	1.25E-83	0.25
-24.277	1	1.25E-83	0.25
-24.267	1	1.25E-83	0.25
-24.257	1	1.25E-83	0.25
-24.247	1	1.25E-83	0.25
-24.237	1	1.25E-83	0.25
-24.227	1	1.25E-83	0.25
-24.217	1	1.25E-83	0.25
-24.207	1	1.25E-83	0.25
-24.197	1	1.25E-83	0.25
-24.187	1	1.25E-83	0.25
-24.177	1	1.25E-83	0.25
-24.167	1	1.25E-83	0.25
-24.157	1	1.25E-83	0.25
-24.147	1	1.25E-83	0.25
-24.137	1	1.25E-83	0.25
-24.127	1	1.25E-83	0.25
-24.117	1	1.25E-83	0.25
-24.107	1	1.25E-83	0.25
-24.097	1	1.25E-83	0.25
-24.087	1	1.25E-83	0.25
-24.077	1	1.25E-83	0.25
-24.067	1	1.25E-83	0.25
-24.057	1	1.25E-83	0.25
-24.047	1	1.25E-83	0.25
-24.037	1	1.25E-83	0.25
-24.027	1	1.25E-83	0.25
-24.017	1	1.25E-83	0.25
-24.007	1	1.25E-83	0.25
-23.997	1	1.25E-83	0.25
-23.987	1	1.25E-83	0.25
-23.977	1	1.25E-83	0.25
-23.967	1	1.25E-83	0.25
-23.957	1	1.25E-83	0.25
-23.947	1	1.25E-83	0.25
-23.937	1	1.25E-83	0.25
-23.927	1	1.25E-83	0.25
-23.917	1	1.25E-83	0.25
-23.907	1	1.25E-83	0.25
-23.897	1	1.25E-83	0.25
-23.887	1	1.25E-83	0.25
-23.877	1	1.25E-83	0.25
-23.867	1	1.25E-83	0.25
-23.857	1	1.25E-83	0.25
-23.847	1	1.25E-83	0.25
-23.837	1	4.17E-81	0.25
-23.827	1	1.42E-69	0.25
-23.817	1	6.53E-59	0.25
-23.807	1	4.07E-49	0.25
-23.797	1	3.44E-40	0.25
-23.787	1	3.93E-32	0.25
-23.777	1	6.08E-25	0.25
-23.767	1	1.27E-18	0.25
-23.757	1	3.61E-13	0.25
-23.747	1	1.38E-08	0.25
-23.737	1	7.18E-05	0.25
-23.727	1	5.04E-02	0.25
-23.717	1	4.80E+00	0.25
-23.707	1	6.17E+01	0.25
-23.697	1	1.07E+02	0.25
-23.687	1	2.53E+01	0.25
-23.677	1	8.07E-01	0.25
-23.667	1	3.48E-03	0.25
-23.657	1	2.03E-06	0.25
-23.647	1	1.61E-10	0.25
-23.637	1	1.72E-15	0.25
-23.627	1	2.49E-21	0.25
-23.617	1	4.88E-28	0.25
-23.607	1	1.29E-35	0.25
-23.597	1	4.64E-44	0.25
-23.587	1	2.25E-53	0.25
-23.577	1	1.48E-63	0.25
-23.567	1	1.32E-74	0.25
-23.557	1	1.25E-83	0.25
-23.547	1	1.25E-83	0.25
-23.537	1	1.25E-83	0.25
-23.527	1	1.25E-83	0.25
-23.517	1	1.25E-83	0.25
-23.507	1	1.25E-83	0.25
-23.497	1	1.25E-83	0.25
-23.487	1	1.25E-83	0.25
-23.477	1	1.25E-83	0.25
-23.467	1	1.25E-83	0.25
-23.457	1	1.25E-83	0.25
-23.447	1	1.25E-83	0.25
-23.437	1	1.25E-83	0.25
-23.427	1	1.25E-83	0.25
-23.417	1	1.25E-83	0.25
-23.407	1	1.25E-83	0.25
-23.397	1	1.25E-83	0.25
-23.387	1	1.25E-83	0.25
-23.377	1	1.25E-83	0.25
-23.367	1	1.25E-83	0.25
-23.357	1	1.25E-83	0.25
-23.347	1	1.25E-83	0.25
-23.337	1	1.25E-83	0.25
-23.327	1	1.25E-83	0.25
-23.317	1	1.25E-83	0.25
-23.307	1	1.25E-83	0.25
-23.297	1	1.25E-83	0.25
-23.287	1	1.25E-83	0.25
-23.277	1	1.25E-83	0.25
-23.267	1	1.25E-83	0.25
-23.257	1	1.25E-83	0.25
-23.247	1	1.25E-83	0.25
-23.237	1	1.25E-83	0.25
-23.227	1	1.25E-83	0.25
-23.217	1	1.25E-83	0.25
-23.207	1	1.25E-83	0.25
-23.197	1	1.25E-83	0.25
-23.187	1	1.25E-83	0.25
-23.177	1	1.25E-83	0.25
-23.167	1	1.25E-83	0.25
-23.157	1	1.25E-83	0.25
-23.147	1	1.25E-83	0.25
-23.137	1	1.25E-83	0.25
-23.127	1	1.25E-83	0.25
-23.117	1	1.25E-83	0.25
-23.107	1	1.25E-83	0.25
-23.097	1	1.25E-83	0.25
-23.087	1	1.25E-83	0.25
-23.077	1	1.25E-83	0.25
-23.067	1	1.25E-83	0.25
-23.057	1	1.25E-83	0.25
-23.047	1	1.25E-83	0.25
-23.037	1	1.25E-83	0.25
-23.027	1	1.25E-83	0.25
-23.017	1	1.25E-83	0.25
-23.007	1	1.25E-83	0.25
-22.997	1	1.25E-83	0.25
-22.987	1	1.25E-83	0.25
-22.977	1	1.25E-83	0.25
-22.967	1	1.25E-83	0.25
-22.957	1	1.25E-83	0.25
-22.947	1	1.25E-83	0.25
-22.937	1	1.25E-83	0.25
-22.927	1	1.25E-83	0.25
-22.917	1	1.25E-83	0.25
-22.907	1	1.25E-83	0.25
-22.897	1	1.25E-83	0.25
-22.887	1	1.25E-83	0.25
-22.877	1	1.25E-83	0.25
-22.867	1	1.25E-83	0.25
-22.857	1	1.25E-83	0.25
-22.847	1	1.25E-83	0.25
-22.837	1	1.25E-83	0.25
-22.827	1	1.25E-83	0.25
-22.817	1	1.25E-83	0.25
-22.807	1	1.25E-83	0.25
-22.797	1	1.25E-83	0.25
-22.787	1	1.25E-83	0.25
-22.777	1	1.25E-83	0.25
-22.767	1	1.25E-83	0.25
-22.757	1	1.25E-83	0.25
-22.747	1	1.25E-83	0.25
-22.737	1	1.25E-83	0.25
-22.727	1	1.25E-83	0.25
-22.717	1	1.25E-83	0.25
-22.707	1	1.25E-83	0.25
-22.697	1	1.25E-83	0.25
-22.687	1	1.25E-83	0.25
-22.677	1	1.25E-83	0.25
-22.667	1	1.25E-83	0.25
-22.657	1	1.25E-83	0.25
-22.647	1	1.25E-83	0.25
-22.637	1	1.25E-83	0.25
-22.627	1	1.25E-83	0.25
-22.617	1	1.25E-83	0.25
-22.607	1	1.25E-83	0.25
-22.597	1	1.25E-83	0.25
-22.587	1	1.25E-83	0.25
-22.577	1	1.25E-83	0.25
-22.567	1	1.25E-83	0.25
-22.557	1	1.25E-83	0.25
-22.547	1	1.25E-83	0.25
-22.537	1	1.25E-83	0.25
-22.527	1	1.25E-83	0.25
-22.517	1	1.25E-83	0.25
-22.507	1	1.25E-83	0.25
-22.497	1	1.25E-83	0.25
-22.487	1	1.25E-83	0.25
-22.477	1	1.25E-83	0.25
-22.467	1	1.25E-83	0.25
-22.457	1	1.25E-83	0.25
-22.447	1	1.25E-83	0.25
-22.437	1	1.25E-83	0.25
-22.427	1	1.25E-83	0.25
-22.417	1	1.25E-83	0.25
-22.407	1	1.25E-83	0.25
-22.397	1	1.25E-83	0.25
-22.387	1	1.25E-83	0.25
-22.377	1	1.25E-83	0.25
-22.367	1	1.25E-83	0.25
-22.357	1	1.25E-83	0.25
-22.347	1	1.25E-83	0.25
-22.337	1	1.25E-83	0.25
-22.327	1	1.25E-83	0.25
-22.317	1	1.25E-83	0.25
-22.307	1	1.25E-83	0.25
-22.297	1	1.25E-83	0.25
-22.287	1	1.25E-83	0.25
-22.277	1	1.25E-83	0.25
-22.267	1	1.25E-83	0.25
-22.257	1	1.25E-83	0.25
-22.247	1	1.25E-83	0.25
-22.237	1	1.25E-83	0.25
-22.227	1	1.25E-83	0.25
-22.217	1	1.25E-83	0.25
-22.207	1	1.25E-83	0.25
-22.197	1	1.25E-83	0.25
-22.187	1	1.25E-83	0.25
-22.177	1	1.25E-83	0.25
-22.167	1	1.25E-83	0.25
-22.157	1	1.25E-83	0.25
-22.147	1	1.25E-83	0.25
-22.137	1	1.25E-83	0.25
-22.127	1	1.25E-83	0.25
-22.117	1	1.25E-83	0.25
-22.107	1	1.25E-83	0.25
-22.097	1	1.25E-83	0.25
-22.087	1	1.25E-83	0.25
-22.077	1	1.25E-83	0.25
-22.067	1	1.25E-83	0.25
-22.057	1	1.25E-83	0.25
-22.047	1	1.25E-83	0.25
-22.037	1	1.25E-83	0.25
-22.027	1	1.25E-83	0.25
-22.017	1	1.25E-83	0.25
-22.007	1	1.25E-83	0.25
-21.997	1	1.25E-83	0.25
-21.987	1	1.25E-83	0.25
-21.977	1	1.25E-83	0.25
-21.967	1	1.25E-83	0.25
-21.957	1	1.25E-83	0.25
-21.947	1	1.25E-83	0.25
-21.937	1	1.25E-83	0.25
-21.927	1	1.25E-83	0.25
-21.917	1	1.25E-83	0.25
-21.907	1	1.25E-83	0.25
-21.897	1	1.25E-83	0.25
-21.887	1	1.25E-83	0.25
-21.877	1	1.25E-83	0.25
-21.867	1	1.25E-83	0.25
-21.857	1	1.25E-83	0.25
-21.847	1	1.25E-83	0.25
-21.837	1	1.25E-83	0.25
-21.827	1	1.25E-83	0.25
-21.817	1	1.25E-83	0.25
-21.807	1	1.25E-83	0.25
-21.797	1	1.25E-83	0.25
-21.787	1	1.25E-83	0.25
-21.777	1	1.25E-83	0.25
-21.767	1	1.25E-83	0.25
-21.757	1	1.25E-83	0.25
-21.747	1	1.25E-83	0.25
-21.737	1	1.25E-83	0.25
-21.727	1	1.25E-82	0.25
-21.717	1	4.99E-71	0.25
-21.707	1	2.98E-60	0.25
-21.697	1	2.42E-50	0.25
-21.687	1	2.65E-41	0.25
-21.677	1	3.93E-33	0.25
-21.667	1	7.89E-26	0.25
-21.657	1	2.14E-19	0.25
-21.647	1	7.88E-14	0.25
-21.637	1	3.92E-09	0.25
-21.627	1	2.64E-05	0.25
-21.617	1	2.41E-02	0.25
-21.607	1	2.97E+00	0.25
-21.597	1	4.95E+01	0.25
-21.587	1	1.12E+02	0.25
-21.577	1	3.43E+01	0.25
-21.567	1	8.33E+00	0.25
-21.557	1	7.19E+01	0.25
-21.547	1	1.01E+02	0.25
-21.537	1	1.93E+01	0.25
-21.527	1	4.97E-01	0.25
-21.517	1	1.74E-03	0.25
-21.507	1	8.20E-07	0.25
-21.497	1	5.24E-11	0.25
-21.487	1	4.53E-16	0.25
-21.477	1	5.30E-22	0.25
-21.467	1	8.40E-29	0.25
-21.457	1	1.80E-36	0.25
-21.447	1	5.23E-45	0.25
-21.437	1	2.05E-54	0.25
-21.427	1	1.09E-64	0.25
-21.417	1	7.85E-76	0.25
-21.407	1	1.25E-83	0.25
-21.397	1	2.82E-81	0.25
-21.387	1	9.85E-70	0.25
-21.377	1	4.67E-59	0.25
-21.367	1	3.00E-49	0.25
-21.357	1	2.61E-40	0.25
-21.347	1	3.07E-32	0.25
-21.337	1	4.88E-25	0.25
-21.327	1	1.05E-18	0.25
-21.317	1	3.06E-13	0.25
-21.307	1	1.21E-08	0.25
-21.297	1	6.45E-05	0.25
-21.287	1	4.66E-02	0.25
-21.277	1	4.56E+00	0.25
-21.267	1	6.03E+01	0.25
-21.257	1	1.08E+02	0.25
-21.247	1	2.62E+01	0.25
-21.237	1	8.59E-01	0.25
-21.227	1	3.81E-03	0.25
-21.217	1	2.29E-06	0.25
-21.207	1	1.86E-10	0.25
-21.197	1	2.05E-15	0.25
-21.187	1	3.05E-21	0.25
-21.177	1	6.15E-28	0.25
-21.167	1	1.68E-35	0.25
-21.157	1	6.20E-44	0.25
-21.147	1	3.10E-53	0.25
-21.137	1	2.09E-63	0.25
-21.127	1	1.92E-74	0.25
-21.117	1	1.25E-83	0.25
-21.107	1	1.25E-83	0.25
-21.097	1	1.25E-83	0.25
-21.087	1	1.25E-83	0.25
-21.077	1	1.25E-83	0.25
-21.067	1	1.25E-83	0.25
-21.057	1	1.25E-83	0.25
-21.047	1	1.25E-83	0.25
-21.037	1	1.25E-83	0.25
-21.027	1	1.25E-83	0.25
-21.017	1	1.25E-83	0.25
-21.007	1	1.25E-83	0.25
-20.997	1	1.25E-83	0.25
-20.987	1	1.25E-83	0.25
-20.977	1	1.25E-83	0.25
-20.967	1	1.25E-83	0.25
-20.957	1	1.25E-83	0.25
-20.947	1	1.25E-83	0.25
-20.937	1	1.25E-83	0.25
-20.927	1	1.25E-83	0.25
-20.917	1	1.25E-83	0.25
-20.907	1	1.25E-83	0.25
-20.897	1	1.25E-83	0.25
-20.887	1	1.25E-83	0.25
-20.877	1	1.25E-83	0.25
-20.867	1	1.25E-83	0.25
-20.857	1	1.25E-83	0.25
-20.847	1	1.25E-83	0.25
-20.837	1	1.25E-83	0.25
-20.827	1	1.25E-83	0.25
-20.817	1	1.25E-83	0.25
-20.807	1	1.25E-83	0.25
-20.797	1	1.25E-83	0.25
-20.787	1	1.25E-83	0.25
-20.777	1	1.25E-83	0.25
-20.767	1	1.25E-83	0.25
-20.757	1	1.25E-83	0.25
-20.747	1	1.25E-83	0.25
-20.737	1	1.25E-83	0.25
-20.727	1	1.25E-83	0.25
-20.717	1	1.25E-83	0.25
-20.707	1	1.25E-83	0.25
-20.697	1	1.25E-83	0.25
-20.687	1	1.25E-83	0.25
-20.677	1	1.25E-83	0.25
-20.667	1	1.25E-83	0.25
-20.657	1	1.25E-83	0.25
-20.647	1	1.25E-83	0.25
-20.637	1	1.25E-83	0.25
-20.627	1	1.25E-83	0.25
-20.617	1	1.25E-83	0.25
-20.607	1	1.25E-83	0.25
-20.597	1	1.25E-83	0.25
-20.587	1	1.25E-83	0.25
-20.577	1	1.25E-83	0.25
-20.567	1	1.25E-83	0.25
-20.557	1	1.25E-83	0.25
-20.547	1	1.25E-83	0.25
-20.537	1	1.25E-83	0.25
-20.527	1	1.25E-83	0.25
-20.517	1	1.25E-83	0.25
-20.507	1	1.25E-83	0.25
-20.497	1	1.25E-83	0.25
-20.487	1	1.25E-83	0.25
-20.477	1	1.25E-83	0.25
-20.467	1	1.25E-83	0.25
-20.457	1	1.25E-83	0.25
-20.447	1	1.25E-83	0.25
-20.437	1	1.25E-83	0.25
-20.427	1	1.25E-83	0.25
-20.417	1	1.25E-83	0.25
-20.407	1	1.25E-83	0.25
-20.397	1	1.25E-83	0.25
-20.387	1	1.25E-83	0.25
-20.377	1	1.25E-83	0.25
-20.367	1	1.25E-83	0.25
-20.357	1	1.25E-83	0.25
-20.347	1	1.25E-83	0.25
-20.337	1	1.25E-83	0.25
-20.327	1	1.25E-83	0.25
-20.317	1	1.25E-83	0.25
-20.307	1	1.25E-83	0.25
-20.297	1	1.25E-83	0.25
-20.287	1	1.25E-83	0.25
-20.277	1	1.25E-83	0.25
-20.267	1	1.25E-83	0.25
-20.257	1	1.25E-83	0.25
-20.247	1	1.25E-83	0.25
-20.237	1	1.25E-83	0.25
-20.227	1	1.25E-83	0.25
-20.217	1	1.25E-83	0.25
-20.207	1	1.25E-83	0.25
-20.197	1	1.25E-83	0.25
-20.187	1	1.25E-83	0.25
-20.177	1	1.25E-83	0.25
-20.167	1	1.25E-83	0.25
-20.157	1	1.25E-83	0.25
-20.147	1	1.25E-83	0.25
-20.137	1	1.25E-83	0.25
-20.127	1	1.25E-83	0.25
-20.117	1	1.14E-76	0.25
-20.107	1	1.83E-65	0.25
-20.097	1	3.99E-55	0.25
-20.087	1	1.17E-45	0.25
-20.077	1	4.67E-37	0.25
-20.067	1	2.52E-29	0.25
-20.057	1	1.83E-22	0.25
-20.047	1	1.81E-16	0.25
-20.037	1	2.42E-11	0.25
-20.027	1	4.37E-07	0.25
-20.017	1	1.07E-03	0.25
-20.007	1	3.54E-01	0.25
-19.997	1	1.58E+01	0.25
-19.987	1	9.61E+01	0.25
-19.977	1	7.88E+01	0.25
-19.967	1	8.75E+00	0.25
-19.957	1	1.32E-01	0.25
-19.947	1	2.68E-04	0.25
-19.937	1	7.37E-08	0.25
-19.927	1	2.74E-12	0.25
-19.917	1	1.38E-17	0.25
-19.907	1	9.44E-24	0.25
-19.897	1	8.72E-31	0.25
-19.887	1	1.09E-38	0.25
-19.877	1	1.84E-47	0.25
-19.867	1	4.22E-57	0.25
-19.857	1	1.31E-67	0.25
-19.847	1	5.48E-79	0.25
-19.837	1	1.25E-83	0.25
-19.827	1	1.25E-83	0.25
-19.817	1	1.25E-83	0.25
-19.807	1	1.25E-83	0.25
-19.797	1	1.25E-83	0.25
-19.787	1	1.25E-83	0.25
-19.777	1	1.25E-83	0.25
-19.767	1	1.25E-83	0.25
-19.757	1	1.25E-83	0.25
-19.747	1	1.25E-83	0.25
-19.737	1	1.25E-83	0.25
-19.727	1	1.25E-83	0.25
-19.717	1	1.25E-83	0.25
-19.707	1	1.25E-83	0.25
-19.697	1	1.25E-83	0.25
-19.687	1	1.25E-83	0.25
-19.677	1	1.25E-83	0.25
-19.667	1	1.25E-83	0.25
-19.657	1	1.25E-83	0.25
-19.647	1	1.25E-83	0.25
-19.637	1	1.25E-83	0.25
-19.627	1	1.25E-83	0.25
-19.617	1	1.25E-83	0.25
-19.607	1	1.25E-83	0.25
-19.597	1	1.25E-83	0.25
-19.587	1	1.25E-83	0.25
-19.577	1	1.25E-83	0.25
-19.567	1	1.25E-83	0.25
-19.557	1	1.25E-83	0.25
-19.547	1	1.25E-83	0.25
-19.537	1	1.25E-83	0.25
-19.527	1	3.59E-74	0.25
-19.517	1	3.74E-63	0.25
-19.507	1	5.27E-53	0.25
-19.497	1	1.01E-43	0.25
-19.487	1	2.60E-35	0.25
-19.477	1	9.08E-28	0.25
-19.467	1	4.30E-21	0.25
-19.457	1	2.75E-15	0.25
-19.447	1	2.39E-10	0.25
-19.437	1	2.80E-06	0.25
-19.427	1	4.44E-03	0.25
-19.417	1	9.54E-01	0.25
-19.407	1	2.77E+01	0.25
-19.397	1	1.09E+02	0.25
-19.387	1	5.81E+01	0.25
-19.377	1	4.18E+00	0.25
-19.367	1	4.08E-02	0.25
-19.357	1	5.39E-05	0.25
-19.347	1	9.62E-09	0.25
-19.337	1	2.33E-13	0.25
-19.327	1	7.61E-19	0.25
-19.317	1	3.37E-25	0.25
-19.307	1	2.02E-32	0.25
-19.297	1	1.64E-40	0.25
-19.287	1	1.80E-49	0.25
-19.277	1	2.67E-59	0.25
-19.267	1	5.36E-70	0.25
-19.257	1	1.47E-81	0.25
-19.247	1	1.25E-83	0.25
-19.237	1	1.25E-83	0.25
-19.227	1	1.25E-83	0.25
-19.217	1	1.25E-83	0.25
-19.207	1	1.25E-83	0.25
-19.197	1	1.25E-83	0.25
-19.187	1	1.25E-83	0.25
-19.177	1	1.25E-83	0.25
-19.167	1	1.25E-83	0.25
-19.157	1	1.25E-83	0.25
-19.147	1	1.25E-83	0.25
-19.137	1	1.25E-83	0.25
-19.127	1	1.25E-83	0.25
-19.117	1	1.25E-83	0.25
-19.107	1	1.25E-83	0.25
-19.097	1	1.25E-83	0.25
-19.087	1	1.25E-83	0.25
-19.077	1	1.25E-83	0.25
-19.067	1	1.25E-83	0.25
-19.057	1	1.25E-83	0.25
-19.047	1	4.66E-77	0.25
-19.037	1	8.01E-66	0.25
-19.027	1	1.86E-55	0.25
-19.017	1	5.85E-46	0.25
-19.007	1	2.49E-37	0.25
-18.997	1	1.43E-29	0.25
-18.987	1	1.12E-22	0.25
-18.977	1	1.18E-16	0.25
-18.967	1	1.68E-11	0.25
-18.957	1	3.25E-07	0.25
-18.947	1	8.51E-04	0.25
-18.937	1	3.01E-01	0.25
-18.927	1	1.44E+01	0.25
-18.917	1	9.34E+01	0.25
-18.907	1	8.22E+01	0.25
-18.897	1	2.18E+01	0.25
-18.887	1	8.85E+01	0.25
-18.877	1	8.74E+01	0.25
-18.867	1	1.17E+01	0.25
-18.857	1	2.12E-01	0.25
-18.847	1	5.19E-04	0.25
-18.837	1	1.72E-07	0.25
-18.827	1	7.73E-12	0.25
-18.817	1	4.47E-15	0.25
-18.807	1	3.55E-10	0.25
-18.797	1	3.85E-06	0.25
-18.787	1	5.66E-03	0.25
-18.777	1	1.13E+00	0.25
-18.767	1	3.03E+01	0.25
-18.757	1	1.10E+02	0.25
-18.747	1	5.45E+01	0.25
-18.737	1	3.63E+00	0.25
-18.727	1	3.28E-02	0.25
-18.717	1	4.01E-05	0.25
-18.707	1	6.63E-09	0.25
-18.697	1	6.07E-10	0.25
-18.687	1	5.94E-06	0.25
-18.677	1	7.85E-03	0.25
-18.667	1	1.41E+00	0.25
-18.657	1	3.41E+01	0.25
-18.647	1	1.12E+02	0.25
-18.637	1	4.97E+01	0.25
-18.627	1	2.98E+00	0.25
-18.617	1	2.43E-02	0.25
-18.607	1	2.67E-05	0.25
-18.597	1	3.98E-09	0.25
-18.587	1	8.01E-14	0.25
-18.577	1	2.19E-19	0.25
-18.567	1	8.07E-26	0.25
-18.557	1	4.03E-33	0.25
-18.547	1	2.73E-41	0.25
-18.537	1	2.49E-50	0.25
-18.527	1	3.09E-60	0.25
-18.517	1	5.18E-71	0.25
-18.507	1	1.30E-82	0.25
-18.497	1	1.25E-83	0.25
-18.487	1	1.25E-83	0.25
-18.477	1	1.25E-83	0.25
-18.467	1	1.25E-83	0.25
-18.457	1	1.25E-83	0.25
-18.447	1	1.25E-83	0.25
-18.437	1	1.25E-83	0.25
-18.427	1	1.25E-83	0.25
-18.417	1	1.25E-83	0.25
-18.407	1	1.25E-83	0.25
-18.397	1	1.25E-83	0.25
-18.387	1	1.25E-83	0.25
-18.377	1	1.25E-83	0.25
-18.367	1	1.25E-83	0.25
-18.357	1	1.25E-83	0.25
-18.347	1	3.15E-77	0.25
-18.337	1	5.57E-66	0.25
-18.327	1	1.33E-55	0.25
-18.317	1	4.31E-46	0.25
-18.307	1	1.89E-37	0.25
-18.297	1	1.12E-29	0.25
-18.287	1	9.00E-23	0.25
-18.277	1	9.77E-17	0.25
-18.267	1	1.44E-11	0.25
-18.257	1	2.86E-07	0.25
-18.247	1	7.69E-04	0.25
-18.237	1	2.80E-01	0.25
-18.227	1	1.38E+01	0.25
-18.217	1	9.22E+01	0.25
-18.207	1	8.33E+01	0.25
-18.197	1	1.02E+01	0.25
-18.187	1	1.68E-01	0.25
-18.177	1	3.77E-04	0.25
-18.167	1	1.14E-07	0.25
-18.157	1	4.68E-12	0.25
-18.147	1	2.60E-17	0.25
-18.137	1	1.95E-23	0.25
-18.127	1	1.98E-30	0.25
-18.117	1	2.73E-38	0.25
-18.107	1	5.08E-47	0.25
-18.097	1	1.28E-56	0.25
-18.087	1	4.36E-67	0.25
-18.077	1	2.01E-78	0.25
-18.067	1	1.25E-83	0.25
-18.057	1	1.25E-83	0.25
-18.047	1	1.25E-83	0.25
-18.037	1	1.25E-83	0.25
-18.027	1	1.25E-83	0.25
-18.017	1	1.25E-83	0.25
-18.007	1	1.25E-83	0.25
-17.997	1	1.25E-83	0.25
-17.987	1	1.25E-83	0.25
-17.977	1	1.25E-83	0.25
-17.967	1	1.25E-83	0.25
-17.957	1	1.25E-83	0.25
-17.947	1	1.25E-83	0.25
-17.937	1	1.25E-83	0.25
-17.927	1	1.25E-83	0.25
-17.917	1	1.25E-83	0.25
-17.907	1	1.25E-83	0.25
-17.897	1	1.25E-83	0.25
-17.887	1	1.25E-83	0.25
-17.877	1	1.25E-83	0.25
-17.867	1	1.25E-83	0.25
-17.857	1	1.25E-83	0.25
-17.847	1	1.25E-83	0.25
-17.837	1	1.25E-83	0.25
-17.827	1	1.25E-83	0.25
-17.817	1	1.25E-83	0.25
-17.807	1	1.25E-83	0.25
-17.797	1	1.25E-83	0.25
-17.787	1	1.25E-83	0.25
-17.777	1	1.25E-83	0.25
-17.767	1	1.25E-83	0.25
-17.757	1	1.25E-83	0.25
-17.747	1	1.25E-83	0.25
-17.737	1	1.25E-83	0.25
-17.727	1	1.25E-83	0.25
-17.717	1	1.25E-83	0.25
-17.707	1	1.25E-83	0.25
-17.697	1	1.25E-83	0.25
-17.687	1	1.25E-83	0.25
-17.677	1	1.25E-83	0.25
-17.667	1	1.25E-83	0.25
-17.657	1	1.25E-83	0.25
-17.647	1	1.25E-83	0.25
-17.637	1	1.25E-83	0.25
-17.627	1	1.25E-83	0.25
-17.617	1	1.25E-83	0.25
-17.607	1	1.25E-83	0.25
-17.597	1	1.25E-83	0.25
-17.587	1	1.25E-83	0.25
-17.577	1	1.25E-83	0.25
-17.567	1	1.25E-83	0.25
-17.557	1	1.25E-83	0.25
-17.547	1	1.25E-83	0.25
-17.537	1	1.25E-83	0.25
-17.527	1	1.25E-83	0.25
-17.517	1	1.25E-83	0.25
-17.507	1	1.25E-83	0.25
-17.497	1	1.25E-83	0.25
-17.487	1	1.25E-83	0.25
-17.477	1	1.25E-83	0.25
-17.467	1	1.25E-83	0.25
-17.457	1	1.25E-83	0.25
-17.447	1	1.25E-83	0.25
-17.437	1	1.25E-83	0.25
-17.427	1	1.25E-83	0.25
-17.417	1	1.25E-83	0.25
-17.407	1	1.25E-83	0.25
-17.397	1	1.25E-83	0.25
-17.387	1	1.25E-83	0.25
-17.377	1	1.25E-83	0.25
-17.367	1	1.25E-83	0.25
-17.357	1	1.25E-83	0.25
-17.347	1	1.03E-80	0.25
-17.337	1	3.28E-69	0.25
-17.327	1	1.42E-58	0.25
-17.317	1	8.28E-49	0.25
-17.307	1	6.55E-40	0.25
-17.297	1	7.01E-32	0.25
-17.287	1	1.02E-24	0.25
-17.277	1	1.99E-18	0.25
-17.267	1	5.28E-13	0.25
-17.257	1	1.90E-08	0.25
-17.247	1	9.20E-05	0.25
-17.237	1	6.05E-02	0.25
-17.227	1	5.39E+00	0.25
-17.217	1	6.49E+01	0.25
-17.207	1	1.11E+02	0.25
-17.197	1	8.79E+01	0.25
-17.187	1	1.07E+02	0.25
-17.177	1	2.35E+01	0.25
-17.167	1	7.04E-01	0.25
-17.157	1	2.86E-03	0.25
-17.147	1	1.57E-06	0.25
-17.137	1	1.17E-10	0.25
-17.127	1	1.18E-15	0.25
-17.117	1	1.60E-21	0.25
-17.107	1	2.95E-28	0.25
-17.097	1	7.37E-36	0.25
-17.087	1	2.49E-44	0.25
-17.077	1	1.14E-53	0.25
-17.067	1	7.03E-64	0.25
-17.057	1	5.88E-75	0.25
-17.047	1	1.25E-83	0.25
-17.037	1	1.25E-83	0.25
-17.027	1	1.25E-83	0.25
-17.017	1	1.25E-83	0.25
-17.007	1	1.25E-83	0.25
-16.997	1	1.25E-83	0.25
-16.987	1	1.25E-83	0.25
-16.977	1	1.25E-83	0.25
-16.967	1	1.25E-83	0.25
-16.957	1	1.25E-83	0.25
-16.947	1	1.25E-83	0.25
-16.937	1	1.25E-83	0.25
-16.927	1	1.25E-83	0.25
-16.917	1	1.25E-83	0.25
-16.907	1	1.25E-83	0.25
-16.897	1	1.25E-83	0.25
-16.887	1	1.25E-83	0.25
-16.877	1	1.25E-83	0.25
-16.867	1	1.25E-83	0.25
-16.857	1	1.25E-83	0.25
-16.847	1	1.25E-83	0.25
-16.837	1	1.25E-83	0.25
-16.827	1	4.59E-78	0.25
-16.817	1	9.36E-67	0.25
-16.807	1	2.58E-56	0.25
-16.797	1	9.64E-47	0.25
-16.787	1	4.88E-38	0.25
-16.777	1	3.34E-30	0.25
-16.767	1	3.09E-23	0.25
-16.757	1	3.87E-17	0.25
-16.747	1	6.56E-12	0.25
-16.737	1	1.51E-07	0.25
-16.727	1	4.68E-04	0.25
-16.717	1	1.97E-01	0.25
-16.707	1	1.12E+01	0.25
-16.697	1	8.61E+01	0.25
-16.687	1	8.97E+01	0.25
-16.677	1	1.26E+01	0.25
-16.667	1	2.41E-01	0.25
-16.657	1	6.23E-04	0.25
-16.647	1	2.18E-07	0.25
-16.637	1	1.03E-11	0.25
-16.627	1	6.59E-17	0.25
-16.617	1	5.71E-23	0.25
-16.607	1	6.70E-30	0.25
-16.597	1	1.06E-37	0.25
-16.587	1	2.28E-46	0.25
-16.577	1	6.63E-56	0.25
-16.567	1	2.61E-66	0.25
-16.557	1	1.39E-77	0.25
-16.547	1	1.25E-83	0.25
-16.537	1	1.25E-83	0.25
-16.527	1	1.25E-83	0.25
-16.517	1	1.25E-83	0.25
-16.507	1	1.25E-83	0.25
-16.497	1	1.25E-83	0.25
-16.487	1	1.25E-83	0.25
-16.477	1	1.25E-83	0.25
-16.467	1	1.25E-83	0.25
-16.457	1	1.25E-83	0.25
-16.447	1	1.25E-83	0.25
-16.437	1	1.25E-83	0.25
-16.427	1	1.25E-83	0.25
-16.417	1	1.25E-83	0.25
-16.407	1	1.25E-83	0.25
-16.397	1	1.25E-83	0.25
-16.387	1	1.25E-83	0.25
-16.377	1	1.25E-83	0.25
-16.367	1	1.25E-83	0.25
-16.357	1	1.25E-83	0.25
-16.347	1	1.25E-83	0.25
-16.337	1	1.25E-83	0.25
-16.327	1	1.25E-83	0.25
-16.317	1	1.25E-83	0.25
-16.307	1	1.25E-83	0.25
-16.297	1	1.25E-83	0.25
-16.287	1	1.25E-83	0.25
-16.277	1	1.25E-83	0.25
-16.267	1	1.25E-83	0.25
-16.257	1	1.25E-83	0.25
-16.247	1	1.25E-83	0.25
-16.237	1	1.25E-83	0.25
-16.227	1	1.25E-83	0.25
-16.217	1	1.25E-83	0.25
-16.207	1	1.25E-83	0.25
-16.197	1	1.25E-83	0.25
-16.187	1	1.25E-83	0.25
-16.177	1	1.25E-83	0.25
-16.167	1	1.25E-83	0.25
-16.157	1	1.25E-83	0.25
-16.147	1	1.25E-83	0.25
-16.137	1	1.25E-83	0.25
-16.127	1	1.25E-83	0.25
-16.117	1	1.25E-83	0.25
-16.107	1	7.74E-83	0.25
-16.097	1	2.99E-71	0.25
-16.087	1	1.86E-60	0.25
-16.077	1	1.57E-50	0.25
-16.067	1	1.79E-41	0.25
-16.057	1	2.76E-33	0.25
-16.047	1	5.77E-26	0.25
-16.037	1	1.63E-19	0.25
-16.027	1	6.23E-14	0.25
-16.017	1	3.23E-09	0.25
-16.007	1	2.26E-05	0.25
-15.997	1	2.14E-02	0.25
-15.987	1	2.75E+00	0.25
-15.977	1	4.78E+01	0.25
-15.967	1	1.12E+02	0.25
-15.957	1	3.57E+01	0.25
-15.947	1	1.54E+00	0.25
-15.937	1	8.95E-03	0.25
-15.927	1	7.06E-06	0.25
-15.917	1	7.53E-10	0.25
-15.907	1	1.09E-14	0.25
-15.897	1	2.13E-20	0.25
-15.887	1	5.62E-27	0.25
-15.877	1	2.01E-34	0.25
-15.867	1	9.74E-43	0.25
-15.857	1	6.39E-52	0.25
-15.847	1	5.67E-62	0.25
-15.837	1	6.81E-73	0.25
-15.827	1	1.34E-83	0.25
-15.817	1	1.25E-83	0.25
-15.807	1	1.25E-83	0.25
-15.797	1	1.25E-83	0.25
-15.787	1	1.25E-83	0.25
-15.777	1	1.25E-83	0.25
-15.767	1	1.25E-83	0.25
-15.757	1	1.25E-83	0.25
-15.747	1	1.25E-83	0.25
-15.737	1	1.25E-83	0.25
-15.727	1	1.25E-83	0.25
-15.717	1	1.25E-83	0.25
-15.707	1	1.25E-83	0.25
-15.697	1	1.25E-83	0.25
-15.687	1	1.25E-83	0.25
-15.677	1	1.25E-83	0.25
-15.667	1	1.25E-83	0.25
-15.657	1	1.25E-83	0.25
-15.647	1	1.25E-83	0.25
-15.637	1	1.25E-83	0.25
-15.627	1	1.25E-83	0.25
-15.617	1	1.25E-83	0.25
-15.607	1	1.25E-83	0.25
-15.597	1	1.25E-83	0.25
-15.587	1	1.25E-83	0.25
-15.577	1	1.25E-83	0.25
-15.567	1	1.25E-83	0.25
-15.557	1	1.25E-83	0.25
-15.547	1	1.25E-83	0.25
-15.537	1	1.25E-83	0.25
-15.527	1	1.25E-83	0.25
-15.517	1	1.25E-83	0.25
-15.507	1	1.25E-83	0.25
-15.497	1	1.25E-83	0.25
-15.487	1	1.25E-83	0.25
-15.477	1	1.25E-83	0.25
-15.467	1	1.25E-83	0.25
-15.457	1	1.25E-83	0.25
-15.447	1	1.25E-83	0.25
-15.437	1	1.25E-83	0.25
-15.427	1	1.25E-83	0.25
-15.417	1	7.33E-75	0.25
-15.407	1	8.61E-64	0.25
-15.397	1	1.37E-53	0.25
-15.387	1	2.95E-44	0.25
-15.377	1	8.59E-36	0.25
-15.367	1	3.39E-28	0.25
-15.357	1	1.81E-21	0.25
-15.347	1	1.30E-15	0.25
-15.337	1	1.28E-10	0.25
-15.327	1	1.69E-06	0.25
-15.317	1	3.02E-03	0.25
-15.307	1	7.31E-01	0.25
-15.297	1	2.40E+01	0.25
-15.287	1	1.06E+02	0.25
-15.277	1	6.38E+01	0.25
-15.267	1	5.18E+00	0.25
-15.257	1	5.70E-02	0.25
-15.247	1	8.49E-05	0.25
-15.237	1	1.71E-08	0.25
-15.227	1	4.66E-13	0.25
-15.217	1	1.72E-18	0.25
-15.207	1	8.58E-25	0.25
-15.197	1	5.80E-32	0.25
-15.187	1	1.36E-29	0.25
-15.177	1	1.07E-22	0.25
-15.167	1	1.13E-16	0.25
-15.157	1	1.63E-11	0.25
-15.147	1	3.16E-07	0.25
-15.137	1	8.32E-04	0.25
-15.127	1	2.96E-01	0.25
-15.117	1	1.43E+01	0.25
-15.107	1	9.32E+01	0.25
-15.097	1	8.23E+01	0.25
-15.087	1	1.13E+01	0.25
-15.077	1	3.48E+01	0.25
-15.067	1	1.12E+02	0.25
-15.057	1	4.90E+01	0.25
-15.047	1	2.90E+00	0.25
-15.037	1	2.32E-02	0.25
-15.027	1	2.52E-05	0.25
-15.017	1	3.69E-09	0.25
-15.007	1	2.82E-12	0.25
-14.997	1	7.37E-08	0.25
-14.987	1	2.68E-04	0.25
-14.977	1	1.32E-01	0.25
-14.967	1	8.76E+00	0.25
-14.957	1	7.88E+01	0.25
-14.947	1	9.61E+01	0.25
-14.937	1	1.58E+01	0.25
-14.927	1	3.54E-01	0.25
-14.917	1	1.07E-03	0.25
-14.907	1	4.37E-07	0.25
-14.897	1	2.42E-11	0.25
-14.887	1	1.81E-16	0.25
-14.877	1	1.83E-22	0.25
-14.867	1	2.51E-29	0.25
-14.857	1	4.66E-37	0.25
-14.847	1	1.17E-45	0.25
-14.837	1	3.98E-55	0.25
-14.827	1	1.83E-65	0.25
-14.817	1	1.14E-76	0.25
-14.807	1	1.25E-83	0.25
-14.797	1	1.25E-83	0.25
-14.787	1	1.25E-83	0.25
-14.777	1	1.25E-83	0.25
-14.767	1	1.25E-83	0.25
-14.757	1	1.25E-83	0.25
-14.747	1	1.25E-83	0.25
-14.737	1	1.25E-83	0.25
-14.727	1	1.25E-83	0.25
-14.717	1	1.25E-83	0.25
-14.707	1	1.25E-83	0.25
-14.697	1	1.25E-83	0.25
-14.687	1	1.25E-83	0.25
-14.677	1	1.25E-83	0.25
-14.667	1	1.25E-83	0.25
-14.657	1	1.25E-83	0.25
-14.647	1	1.25E-83	0.25
-14.637	1	1.25E-83	0.25
-14.627	1	1.25E-83	0.25
-14.617	1	1.25E-83	0.25
-14.607	1	1.25E-83	0.25
-14.597	1	1.25E-83	0.25
-14.587	1	1.25E-83	0.25
-14.577	1	1.25E-83	0.25
-14.567	1	1.25E-83	0.25
-14.557	1	1.25E-83	0.25
-14.547	1	1.25E-83	0.25
-14.537	1	1.25E-83	0.25
-14.527	1	1.25E-83	0.25
-14.517	1	1.25E-83	0.25
-14.507	1	1.25E-83	0.25
-14.497	1	1.25E-83	0.25
-14.487	1	1.25E-83	0.25
-14.477	1	1.25E-83	0.25
-14.467	1	1.25E-83	0.25
-14.457	1	1.25E-83	0.25
-14.447	1	1.25E-83	0.25
-14.437	1	1.25E-83	0.25
-14.427	1	1.25E-83	0.25
-14.417	1	1.25E-83	0.25
-14.407	1	1.25E-83	0.25
-14.397	1	1.25E-83	0.25
-14.387	1	1.25E-83	0.25
-14.377	1	1.25E-83	0.25
-14.367	1	1.25E-83	0.25
-14.357	1	1.25E-83	0.25
-14.347	1	1.25E-83	0.25
-14.337	1	1.25E-83	0.25
-14.327	1	1.25E-83	0.25
-14.317	1	1.25E-83	0.25
-14.307	1	1.25E-83	0.25
-14.297	1	1.25E-83	0.25
-14.287	1	8.45E-77	0.25
-14.277	1	1.39E-65	0.25
-14.267	1	3.09E-55	0.25
-14.257	1	9.28E-46	0.25
-14.247	1	3.78E-37	0.25
-14.237	1	2.08E-29	0.25
-14.227	1	1.55E-22	0.25
-14.217	1	1.57E-16	0.25
-14.207	1	2.14E-11	0.25
-14.197	1	3.96E-07	0.25
-14.187	1	9.90E-04	0.25
-14.177	1	3.35E-01	0.25
-14.167	1	1.54E+01	0.25
-14.157	1	9.52E+01	0.25
-14.147	1	7.99E+01	0.25
-14.137	1	9.07E+00	0.25
-14.127	1	1.40E-01	0.25
-14.117	1	2.90E-04	0.25
-14.107	1	8.17E-08	0.25
-14.097	1	3.11E-12	0.25
-14.087	1	1.60E-17	0.25
-14.077	1	1.12E-23	0.25
-14.067	1	1.06E-30	0.25
-14.057	1	1.35E-38	0.25
-14.047	1	2.34E-47	0.25
-14.037	1	5.47E-57	0.25
-14.027	1	1.73E-67	0.25
-14.017	1	7.43E-79	0.25
-14.007	1	1.25E-83	0.25
-13.997	1	1.29E-75	0.25
-13.987	1	1.73E-64	0.25
-13.977	1	3.13E-54	0.25
-13.967	1	7.69E-45	0.25
-13.957	1	2.55E-36	0.25
-13.947	1	1.15E-28	0.25
-13.937	1	6.97E-22	0.25
-13.927	1	5.74E-16	0.25
-13.917	1	6.39E-11	0.25
-13.907	1	9.63E-07	0.25
-13.897	1	1.97E-03	0.25
-13.887	1	5.43E-01	0.25
-13.877	1	2.03E+01	0.25
-13.867	1	1.03E+02	0.25
-13.857	1	7.01E+01	0.25
-13.847	1	6.49E+00	0.25
-13.837	1	8.14E-02	0.25
-13.827	1	1.38E-04	0.25
-13.817	1	3.17E-08	0.25
-13.807	1	9.85E-13	0.25
-13.797	1	4.14E-18	0.25
-13.787	1	2.36E-24	0.25
-13.777	1	1.81E-31	0.25
-13.767	1	1.89E-39	0.25
-13.757	1	2.67E-48	0.25
-13.747	1	5.09E-58	0.25
-13.737	1	1.32E-68	0.25
-13.727	1	4.60E-80	0.25
-13.717	1	1.25E-83	0.25
-13.707	1	1.25E-83	0.25
-13.697	1	1.25E-83	0.25
-13.687	1	1.25E-83	0.25
-13.677	1	1.25E-83	0.25
-13.667	1	1.25E-83	0.25
-13.657	1	1.25E-83	0.25
-13.647	1	1.25E-83	0.25
-13.637	1	1.25E-83	0.25
-13.627	1	1.25E-83	0.25
-13.617	1	1.25E-83	0.25
-13.607	1	1.25E-83	0.25
-13.597	1	1.25E-83	0.25
-13.587	1	1.25E-83	0.25
-13.577	1	7.44E-83	0.25
-13.567	1	2.86E-71	0.25
-13.557	1	1.79E-60	0.25
-13.547	1	1.51E-50	0.25
-13.537	1	1.73E-41	0.25
-13.527	1	2.68E-33	0.25
-13.517	1	5.61E-26	0.25
-13.507	1	1.59E-19	0.25
-13.497	1	6.11E-14	0.25
-13.487	1	3.17E-09	0.25
-13.477	1	2.23E-05	0.25
-13.467	1	2.12E-02	0.25
-13.457	1	2.73E+00	0.25
-13.447	1	4.76E+01	0.25
-13.437	1	1.12E+02	0.25
-13.427	1	3.58E+01	0.25
-13.417	1	1.55E+00	0.25
-13.407	1	9.05E-03	0.25
-13.397	1	7.16E-06	0.25
-13.387	1	7.66E-10	0.25
-13.377	1	1.11E-14	0.25
-13.367	1	2.18E-20	0.25
-13.357	1	5.78E-27	0.25
-13.347	1	2.08E-34	0.25
-13.337	1	1.01E-42	0.25
-13.327	1	6.63E-52	0.25
-13.317	1	5.91E-62	0.25
-13.307	1	7.12E-73	0.25
-13.297	1	1.35E-83	0.25
-13.287	1	3.43E-78	0.25
-13.277	1	7.15E-67	0.25
-13.267	1	2.02E-56	0.25
-13.257	1	7.69E-47	0.25
-13.247	1	3.97E-38	0.25
-13.237	1	2.78E-30	0.25
-13.227	1	2.63E-23	0.25
-13.217	1	3.36E-17	0.25
-13.207	1	5.83E-12	0.25
-13.197	1	1.37E-07	0.25
-13.187	1	4.33E-04	0.25
-13.177	1	1.86E-01	0.25
-13.167	1	1.08E+01	0.25
-13.157	1	8.51E+01	0.25
-13.147	1	9.06E+01	0.25
-13.137	1	1.31E+01	0.25
-13.127	1	2.54E-01	0.25
-13.117	1	6.71E-04	0.25
-13.107	1	2.40E-07	0.25
-13.097	1	1.16E-11	0.25
-13.087	1	7.58E-17	0.25
-13.077	1	6.71E-23	0.25
-13.067	1	8.04E-30	0.25
-13.057	1	1.30E-37	0.25
-13.047	1	2.86E-46	0.25
-13.037	1	8.49E-56	0.25
-13.027	1	3.41E-66	0.25
-13.017	1	1.86E-77	0.25
-13.007	1	5.46E-72	0.25
-12.997	1	3.88E-61	0.25
-12.987	1	3.72E-51	0.25
-12.977	1	4.84E-42	0.25
-12.967	1	8.52E-34	0.25
-12.957	1	2.03E-26	0.25
-12.947	1	6.54E-20	0.25
-12.937	1	2.85E-14	0.25
-12.927	1	1.68E-09	0.25
-12.917	1	1.34E-05	0.25
-12.907	1	1.45E-02	0.25
-12.897	1	2.13E+00	0.25
-12.887	1	4.21E+01	0.25
-12.877	1	1.13E+02	0.25
-12.867	1	4.09E+01	0.25
-12.857	1	2.01E+00	0.25
-12.847	1	1.33E-02	0.25
-12.837	1	1.29E-05	0.25
-12.827	1	1.82E-03	0.25
-12.817	1	5.15E-01	0.25
-12.807	1	1.97E+01	0.25
-12.797	1	1.02E+02	0.25
-12.787	1	7.12E+01	0.25
-12.777	1	6.75E+00	0.25
-12.767	1	8.65E-02	0.25
-12.757	1	1.50E-04	0.25
-12.747	1	3.53E-08	0.25
-12.737	1	1.12E-12	0.25
-12.727	1	4.82E-18	0.25
-12.717	1	2.81E-24	0.25
-12.707	1	2.21E-31	0.25
-12.697	1	2.36E-39	0.25
-12.687	1	3.40E-48	0.25
-12.677	1	6.64E-58	0.25
-12.667	1	1.76E-68	0.25
-12.657	1	6.28E-80	0.25
-12.647	1	1.25E-83	0.25
-12.637	1	1.25E-83	0.25
-12.627	1	1.25E-83	0.25
-12.617	1	1.25E-83	0.25
-12.607	1	1.25E-83	0.25
-12.597	1	1.25E-83	0.25
-12.587	1	1.25E-83	0.25
-12.577	1	1.25E-83	0.25
-12.567	1	1.25E-83	0.25
-12.557	1	1.25E-83	0.25
-12.547	1	1.25E-83	0.25
-12.537	1	1.25E-83	0.25
-12.527	1	1.25E-83	0.25
-12.517	1	1.25E-83	0.25
-12.507	1	1.25E-83	0.25
-12.497	1	1.25E-83	0.25
-12.487	1	1.25E-83	0.25
-12.477	1	2.10E-83	0.25
-12.467	1	4.60E-72	0.25
-12.457	1	3.31E-61	0.25
-12.447	1	3.22E-51	0.25
-12.437	1	4.25E-42	0.25
-12.427	1	7.57E-34	0.25
-12.417	1	1.83E-26	0.25
-12.407	1	5.96E-20	0.25
-12.397	1	2.64E-14	0.25
-12.387	1	1.58E-09	0.25
-12.377	1	1.28E-05	0.25
-12.367	1	1.40E-02	0.25
-12.357	1	2.07E+00	0.25
-12.347	1	4.16E+01	0.25
-12.337	1	1.13E+02	0.25
-12.327	1	4.15E+01	0.25
-12.317	1	2.06E+00	0.25
-12.307	1	1.39E-02	0.25
-12.297	1	1.26E-05	0.25
-12.287	1	1.56E-09	0.25
-12.277	1	2.60E-14	0.25
-12.267	1	5.87E-20	0.25
-12.257	1	1.79E-26	0.25
-12.247	1	7.42E-34	0.25
-12.237	1	4.15E-42	0.25
-12.227	1	3.14E-51	0.25
-12.217	1	3.22E-61	0.25
-12.207	1	4.47E-72	0.25
-12.197	1	2.07E-83	0.25
-12.187	1	1.25E-83	0.25
-12.177	1	1.25E-83	0.25
-12.167	1	1.25E-83	0.25
-12.157	1	1.25E-83	0.25
-12.147	1	1.25E-83	0.25
-12.137	1	1.25E-83	0.25
-12.127	1	6.90E-76	0.25
-12.117	1	9.69E-65	0.25
-12.107	1	1.84E-54	0.25
-12.097	1	4.73E-45	0.25
-12.087	1	1.65E-36	0.25
-12.077	1	7.76E-29	0.25
-12.067	1	4.94E-22	0.25
-12.057	1	4.26E-16	0.25
-12.047	1	4.98E-11	0.25
-12.037	1	7.86E-07	0.25
-12.027	1	1.68E-03	0.25
-12.017	1	4.86E-01	0.25
-12.007	1	1.91E+01	0.25
-11.997	1	1.01E+02	0.25
-11.987	1	7.24E+01	0.25
-11.977	1	7.11E+00	0.25
-11.967	1	6.66E+00	0.25
-11.957	1	7.04E+01	0.25
-11.947	1	1.02E+02	0.25
-11.937	1	2.01E+01	0.25
-11.927	1	5.35E-01	0.25
-11.917	1	1.93E-03	0.25
-11.907	1	9.38E-07	0.25
-11.897	1	6.18E-11	0.25
-11.887	1	5.52E-16	0.25
-11.877	1	6.66E-22	0.25
-11.867	1	1.09E-28	0.25
-11.857	1	2.41E-36	0.25
-11.847	1	1.82E-37	0.25
-11.837	1	1.08E-29	0.25
-11.827	1	8.71E-23	0.25
-11.817	1	9.50E-17	0.25
-11.807	1	1.40E-11	0.25
-11.797	1	2.80E-07	0.25
-11.787	1	7.58E-04	0.25
-11.777	1	2.77E-01	0.25
-11.767	1	1.37E+01	0.25
-11.757	1	9.21E+01	0.25
-11.747	1	8.35E+01	0.25
-11.737	1	1.03E+01	0.25
-11.727	1	1.70E-01	0.25
-11.717	1	3.83E-04	0.25
-11.707	1	1.17E-07	0.25
-11.697	1	4.80E-12	0.25
-11.687	1	9.85E-15	0.25
-11.677	1	6.92E-10	0.25
-11.667	1	6.59E-06	0.25
-11.657	1	8.50E-03	0.25
-11.647	1	1.48E+00	0.25
-11.637	1	3.51E+01	0.25
-11.627	1	1.12E+02	0.25
-11.617	1	4.85E+01	0.25
-11.607	1	2.84E+00	0.25
-11.597	1	2.25E-02	0.25
-11.587	1	2.41E-05	0.25
-11.577	1	3.50E-09	0.25
-11.567	1	6.90E-14	0.25
-11.557	1	1.82E-11	0.25
-11.547	1	3.47E-07	0.25
-11.537	1	8.94E-04	0.25
-11.527	1	3.12E-01	0.25
-11.517	1	1.47E+01	0.25
-11.507	1	9.40E+01	0.25
-11.497	1	8.13E+01	0.25
-11.487	1	9.51E+00	0.25
-11.477	1	1.51E-01	0.25
-11.467	1	3.23E-04	0.25
-11.457	1	9.37E-08	0.25
-11.447	1	1.99E-11	0.25
-11.437	1	3.15E-07	0.25
-11.427	1	8.31E-04	0.25
-11.417	1	2.96E-01	0.25
-11.407	1	1.43E+01	0.25
-11.397	1	9.50E+01	0.25
-11.387	1	1.21E+02	0.25
-11.377	1	1.23E+02	0.25
-11.367	1	4.42E+01	0.25
-11.357	1	2.33E+00	0.25
-11.347	1	1.67E-02	0.25
-11.337	1	1.61E-05	0.25
-11.327	1	2.12E-09	0.25
-11.317	1	3.75E-14	0.25
-11.307	1	9.01E-20	0.25
-11.297	1	2.93E-26	0.25
-11.287	1	1.29E-33	0.25
-11.277	1	7.65E-42	0.25
-11.267	1	6.16E-51	0.25
-11.257	1	6.72E-61	0.25
-11.247	1	9.91E-72	0.25
-11.237	1	3.21E-83	0.25
-11.227	1	1.25E-83	0.25
-11.217	1	1.25E-83	0.25
-11.207	1	1.25E-83	0.25
-11.197	1	1.04E-74	0.25
-11.187	1	1.19E-63	0.25
-11.177	1	1.84E-53	0.25
-11.167	1	3.86E-44	0.25
-11.157	1	1.09E-35	0.25
-11.147	1	4.20E-28	0.25
-11.137	1	2.18E-21	0.25
-11.127	1	1.54E-15	0.25
-11.117	1	1.46E-10	0.25
-11.107	1	1.88E-06	0.25
-11.097	1	3.28E-03	0.25
-11.087	1	7.75E-01	0.25
-11.077	1	2.47E+01	0.25
-11.067	1	1.07E+02	0.25
-11.057	1	6.25E+01	0.25
-11.047	1	4.95E+00	0.25
-11.037	1	5.30E-02	0.25
-11.027	1	7.69E-05	0.25
-11.017	1	1.51E-08	0.25
-11.007	1	4.01E-13	0.25
-10.997	1	1.44E-18	0.25
-10.987	1	5.52E-20	0.25
-10.977	1	2.46E-14	0.25
-10.967	1	1.49E-09	0.25
-10.957	1	1.22E-05	0.25
-10.947	1	1.35E-02	0.25
-10.937	1	2.03E+00	0.25
-10.927	1	4.11E+01	0.25
-10.917	1	1.13E+02	0.25
-10.907	1	4.19E+01	0.25
-10.897	1	2.11E+00	0.25
-10.887	1	1.44E-02	0.25
-10.877	1	1.32E-05	0.25
-10.867	1	1.65E-09	0.25
-10.857	1	2.78E-14	0.25
-10.847	1	6.35E-20	0.25
-10.837	1	3.02E-26	0.25
-10.827	1	3.69E-20	0.25
-10.817	1	1.75E-14	0.25
-10.807	1	1.12E-09	0.25
-10.797	1	9.69E-06	0.25
-10.787	1	1.14E-02	0.25
-10.777	1	1.81E+00	0.25
-10.767	1	3.88E+01	0.25
-10.757	1	1.13E+02	0.25
-10.747	1	4.44E+01	0.25
-10.737	1	2.36E+00	0.25
-10.727	1	1.70E-02	0.25
-10.717	1	1.66E-05	0.25
-10.707	1	2.19E-09	0.25
-10.697	1	3.91E-14	0.25
-10.687	1	9.46E-20	0.25
-10.677	1	3.09E-26	0.25
-10.667	1	1.37E-33	0.25
-10.657	1	1.89E-41	0.25
-10.647	1	1.73E-33	0.25
-10.637	1	3.81E-26	0.25
-10.627	1	1.13E-19	0.25
-10.617	1	4.57E-14	0.25
-10.607	1	2.49E-09	0.25
-10.597	1	1.84E-05	0.25
-10.587	1	1.84E-02	0.25
-10.577	1	2.49E+00	0.25
-10.567	1	4.55E+01	0.25
-10.557	1	1.13E+02	0.25
-10.547	1	3.77E+01	0.25
-10.537	1	1.71E+00	0.25
-10.527	1	1.05E-02	0.25
-10.517	1	8.72E-06	0.25
-10.507	1	9.81E-10	0.25
-10.497	1	1.49E-14	0.25
-10.487	1	3.40E-20	0.25
-10.477	1	2.16E-15	0.25
-10.467	1	1.95E-10	0.25
-10.457	1	2.37E-06	0.25
-10.447	1	3.92E-03	0.25
-10.437	1	8.78E-01	0.25
-10.427	1	2.72E+01	0.25
-10.417	1	1.33E+02	0.25
-10.407	1	1.67E+02	0.25
-10.397	1	6.72E+01	0.25
-10.387	1	5.02E+00	0.25
-10.377	1	5.36E-02	0.25
-10.367	1	4.04E-03	0.25
-10.357	1	8.82E-01	0.25
-10.347	1	2.66E+01	0.25
-10.337	1	1.08E+02	0.25
-10.327	1	5.97E+01	0.25
-10.317	1	4.46E+00	0.25
-10.307	1	4.51E-02	0.25
-10.297	1	6.16E-05	0.25
-10.287	1	1.14E-08	0.25
-10.277	1	2.86E-13	0.25
-10.267	1	9.68E-19	0.25
-10.257	1	4.44E-25	0.25
-10.247	1	2.76E-32	0.25
-10.237	1	2.32E-40	0.25
-10.227	1	2.63E-49	0.25
-10.217	1	4.05E-59	0.25
-10.207	1	2.74E-59	0.25
-10.197	1	1.84E-49	0.25
-10.187	1	1.68E-40	0.25
-10.177	1	2.06E-32	0.25
-10.167	1	3.43E-25	0.25
-10.157	1	7.73E-19	0.25
-10.147	1	2.36E-13	0.25
-10.137	1	9.73E-09	0.25
-10.127	1	5.44E-05	0.25
-10.117	1	4.11E-02	0.25
-10.107	1	4.20E+00	0.25
-10.097	1	5.82E+01	0.25
-10.087	1	1.09E+02	0.25
-10.077	1	2.76E+01	0.25
-10.067	1	9.48E-01	0.25
-10.057	1	4.41E-03	0.25
-10.047	1	2.77E-06	0.25
-10.037	1	8.30E-07	0.25
-10.027	1	1.75E-03	0.25
-10.017	1	5.01E-01	0.25
-10.007	1	1.94E+01	0.25
-9.997	1	1.01E+02	0.25
-9.987	1	7.18E+01	0.25
-9.977	1	6.88E+00	0.25
-9.967	1	8.93E-02	0.25
-9.957	1	1.57E-04	0.25
-9.947	1	3.73E-08	0.25
-9.937	1	1.20E-12	0.25
-9.927	1	3.18E-10	0.25
-9.917	1	3.53E-06	0.25
-9.907	1	5.30E-03	0.25
-9.897	1	1.08E+00	0.25
-9.887	1	2.96E+01	0.25
-9.877	1	1.10E+02	0.25
-9.867	1	5.54E+01	0.25
-9.857	1	3.78E+00	0.25
-9.847	1	3.49E-02	0.25
-9.837	1	4.35E-05	0.25
-9.827	1	7.35E-09	0.25
-9.817	1	1.68E-13	0.25
-9.807	1	5.29E-13	0.25
-9.797	1	1.90E-08	0.25
-9.787	1	9.22E-05	0.25
-9.777	1	6.06E-02	0.25
-9.767	1	5.39E+00	0.25
-9.757	1	6.49E+01	0.25
-9.747	1	1.06E+02	0.25
-9.737	1	2.33E+01	0.25
-9.727	1	6.95E-01	0.25
-9.717	1	2.81E-03	0.25
-9.707	1	1.53E-06	0.25
-9.697	1	1.14E-10	0.25
-9.687	1	1.14E-15	0.25
-9.677	1	1.54E-21	0.25
-9.667	1	2.82E-28	0.25
-9.657	1	2.48E-31	0.25
-9.647	1	3.10E-24	0.25
-9.637	1	5.26E-18	0.25
-9.627	1	1.21E-12	0.25
-9.617	1	3.75E-08	0.25
-9.607	1	1.58E-04	0.25
-9.597	1	8.96E-02	0.25
-9.587	1	6.90E+00	0.25
-9.577	1	7.19E+01	0.25
-9.567	1	1.01E+02	0.25
-9.557	1	1.93E+01	0.25
-9.547	1	4.99E-01	0.25
-9.537	1	1.75E-03	0.25
-9.527	1	8.25E-07	0.25
-9.517	1	5.28E-11	0.25
-9.507	1	4.58E-16	0.25
-9.497	1	5.37E-22	0.25
-9.487	1	8.51E-29	0.25
-9.477	1	5.09E-32	0.25
-9.467	1	7.65E-25	0.25
-9.457	1	1.56E-18	0.25
-9.447	1	4.28E-13	0.25
-9.437	1	1.59E-08	0.25
-9.427	1	8.03E-05	0.25
-9.417	1	5.47E-02	0.25
-9.407	1	5.05E+00	0.25
-9.397	1	6.31E+01	0.25
-9.387	1	1.07E+02	0.25
-9.377	1	2.44E+01	0.25
-9.367	1	7.55E-01	0.25
-9.357	1	9.89E-03	0.25
-9.347	1	1.27E+00	0.25
-9.337	1	3.23E+01	0.25
-9.327	1	1.11E+02	0.25
-9.317	1	5.19E+01	0.25
-9.307	1	3.28E+00	0.25
-9.297	1	2.81E-02	0.25
-9.287	1	3.62E-05	0.25
-9.277	1	5.51E-03	0.25
-9.267	1	1.11E+00	0.25
-9.257	1	3.00E+01	0.25
-9.247	1	1.10E+02	0.25
-9.237	1	5.49E+01	0.25
-9.227	1	3.69E+00	0.25
-9.217	1	3.36E-02	0.25
-9.207	1	4.15E-05	0.25
-9.197	1	6.92E-09	0.25
-9.187	1	1.56E-13	0.25
-9.177	1	4.77E-19	0.25
-9.167	1	1.97E-25	0.25
-9.157	1	1.10E-32	0.25
-9.147	1	8.36E-41	0.25
-9.137	1	8.57E-50	0.25
-9.127	1	1.19E-59	0.25
-9.117	1	2.23E-70	0.25
-9.107	1	5.79E-82	0.25
-9.097	1	1.25E-83	0.25
-9.087	1	1.25E-83	0.25
-9.077	1	1.25E-83	0.25
-9.067	1	1.25E-83	0.25
-9.057	1	1.25E-83	0.25
-9.047	1	1.25E-83	0.25
-9.037	1	1.25E-83	0.25
-9.027	1	9.84E-77	0.25
-9.017	1	1.60E-65	0.25
-9.007	1	3.51E-55	0.25
-8.997	1	1.04E-45	0.25
-8.987	1	4.21E-37	0.25
-8.977	1	2.29E-29	0.25
-8.967	1	1.69E-22	0.25
-8.957	1	1.69E-16	0.25
-8.947	1	2.28E-11	0.25
-8.937	1	4.16E-07	0.25
-8.927	1	1.03E-03	0.25
-8.917	1	3.44E-01	0.25
-8.907	1	1.56E+01	0.25
-8.897	1	9.56E+01	0.25
-8.887	1	7.94E+01	0.25
-8.877	1	8.91E+00	0.25
-8.867	1	1.41E-01	0.25
-8.857	1	1.09E+00	0.25
-8.847	1	2.98E+01	0.25
-8.837	1	1.10E+02	0.25
-8.827	1	5.51E+01	0.25
-8.817	1	3.73E+00	0.25
-8.807	1	3.48E-02	0.25
-8.797	1	2.35E-01	0.25
-8.787	1	1.24E+01	0.25
-8.777	1	8.92E+01	0.25
-8.767	1	8.66E+01	0.25
-8.757	1	1.14E+01	0.25
-8.747	1	2.02E-01	0.25
-8.737	1	4.86E-04	0.25
-8.727	1	1.58E-07	0.25
-8.717	1	6.98E-12	0.25
-8.707	1	5.38E-10	0.25
-8.697	1	5.39E-06	0.25
-8.687	1	7.30E-03	0.25
-8.677	1	1.34E+00	0.25
-8.667	1	3.32E+01	0.25
-8.657	1	1.12E+02	0.25
-8.647	1	5.07E+01	0.25
-8.637	1	3.12E+00	0.25
-8.627	1	2.60E-02	0.25
-8.617	1	3.05E-05	0.25
-8.607	1	2.29E-03	0.25
-8.597	1	6.04E-01	0.25
-8.587	1	2.15E+01	0.25
-8.577	1	1.04E+02	0.25
-8.567	1	6.79E+01	0.25
-8.557	1	6.00E+00	0.25
-8.547	1	7.18E-02	0.25
-8.537	1	1.16E-04	0.25
-8.527	1	2.55E-08	0.25
-8.517	1	7.56E-13	0.25
-8.507	1	3.03E-18	0.25
-8.497	1	1.65E-24	0.25
-8.487	1	1.21E-31	0.25
-8.477	1	1.21E-39	0.25
-8.467	1	1.62E-48	0.25
-8.457	1	2.96E-58	0.25
-8.447	1	7.29E-69	0.25
-8.437	1	2.43E-80	0.25
-8.427	1	1.25E-83	0.25
-8.417	1	1.25E-83	0.25
-8.407	1	1.25E-83	0.25
-8.397	1	7.80E-83	0.25
-8.387	1	3.02E-71	0.25
-8.377	1	1.88E-60	0.25
-8.367	1	1.58E-50	0.25
-8.357	1	1.80E-41	0.25
-8.347	1	2.78E-33	0.25
-8.337	1	5.80E-26	0.25
-8.327	1	1.64E-19	0.25
-8.317	1	6.26E-14	0.25
-8.307	1	3.24E-09	0.25
-8.297	1	2.27E-05	0.25
-8.287	1	2.15E-02	0.25
-8.277	1	2.75E+00	0.25
-8.267	1	4.78E+01	0.25
-8.257	1	1.12E+02	0.25
-8.247	1	3.57E+01	0.25
-8.237	1	1.54E+00	0.25
-8.227	1	8.93E-03	0.25
-8.217	1	1.32E-05	0.25
-8.207	1	8.05E-03	0.25
-8.197	1	1.43E+00	0.25
-8.187	1	3.44E+01	0.25
-8.177	1	1.12E+02	0.25
-8.167	1	4.93E+01	0.25
-8.157	1	2.94E+00	0.25
-8.147	1	2.37E-02	0.25
-8.137	1	2.59E-05	0.25
-8.127	1	3.82E-09	0.25
-8.117	1	7.65E-14	0.25
-8.107	1	2.07E-19	0.25
-8.097	1	7.58E-26	0.25
-8.087	1	3.76E-33	0.25
-8.077	1	2.52E-41	0.25
-8.067	1	2.29E-50	0.25
-8.057	1	2.76E-48	0.25
-8.047	1	1.95E-39	0.25
-8.037	1	1.87E-31	0.25
-8.027	1	2.42E-24	0.25
-8.017	1	4.23E-18	0.25
-8.007	1	1.00E-12	0.25
-7.997	1	3.22E-08	0.25
-7.987	1	1.40E-04	0.25
-7.977	1	8.21E-02	0.25
-7.967	1	6.53E+00	0.25
-7.957	1	7.03E+01	0.25
-7.947	1	1.02E+02	0.25
-7.937	1	2.02E+01	0.25
-7.927	1	5.60E-01	0.25
-7.917	1	2.72E+00	0.25
-7.907	1	4.75E+01	0.25
-7.897	1	1.12E+02	0.25
-7.887	1	3.59E+01	0.25
-7.877	1	1.56E+00	0.25
-7.867	1	9.11E-03	0.25
-7.857	1	7.22E-06	0.25
-7.847	1	7.75E-10	0.25
-7.837	1	1.13E-14	0.25
-7.827	1	1.99E-16	0.25
-7.817	1	2.62E-11	0.25
-7.807	1	4.67E-07	0.25
-7.797	1	1.12E-03	0.25
-7.787	1	3.67E-01	0.25
-7.777	1	1.62E+01	0.25
-7.767	1	9.66E+01	0.25
-7.757	1	7.81E+01	0.25
-7.747	1	8.55E+00	0.25
-7.737	1	1.27E-01	0.25
-7.727	1	2.54E-04	0.25
-7.717	1	6.87E-08	0.25
-7.707	1	2.52E-12	0.25
-7.697	1	1.25E-17	0.25
-7.687	1	8.42E-24	0.25
-7.677	1	7.66E-31	0.25
-7.667	1	9.43E-39	0.25
-7.657	1	1.57E-47	0.25
-7.647	1	3.54E-57	0.25
-7.637	1	1.08E-67	0.25
-7.627	1	4.47E-79	0.25
-7.617	1	1.25E-83	0.25
-7.607	1	1.25E-83	0.25
-7.597	1	1.25E-83	0.25
-7.587	1	1.25E-83	0.25
-7.577	1	1.25E-83	0.25
-7.567	1	1.25E-83	0.25
-7.557	1	1.25E-83	0.25
-7.547	1	1.25E-83	0.25
-7.537	1	1.25E-83	0.25
-7.527	1	1.25E-83	0.25
-7.517	1	1.25E-83	0.25
-7.507	1	6.24E-79	0.25
-7.497	1	1.47E-67	0.25
-7.487	1	4.71E-57	0.25
-7.477	1	2.04E-47	0.25
-7.467	1	1.20E-38	0.25
-7.457	1	9.47E-31	0.25
-7.447	1	1.02E-23	0.25
-7.437	1	1.47E-17	0.25
-7.427	1	2.90E-12	0.25
-7.417	1	7.70E-08	0.25
-7.407	1	2.77E-04	0.25
-7.397	1	1.35E-01	0.25
-7.387	1	8.89E+00	0.25
-7.377	1	7.93E+01	0.25
-7.367	1	9.57E+01	0.25
-7.357	1	1.56E+01	0.25
-7.347	1	3.46E-01	0.25
-7.337	1	1.03E-03	0.25
-7.327	1	4.19E-07	0.25
-7.317	1	2.29E-11	0.25
-7.307	1	1.70E-16	0.25
-7.297	1	1.71E-22	0.25
-7.287	1	2.32E-29	0.25
-7.277	1	4.26E-37	0.25
-7.267	1	1.06E-45	0.25
-7.257	1	3.57E-55	0.25
-7.247	1	1.63E-65	0.25
-7.237	1	1.00E-76	0.25
-7.227	1	1.25E-83	0.25
-7.217	1	1.52E-83	0.25
-7.207	1	1.65E-72	0.25
-7.197	1	1.29E-61	0.25
-7.187	1	1.35E-51	0.25
-7.177	1	1.93E-42	0.25
-7.167	1	3.72E-34	0.25
-7.157	1	9.71E-27	0.25
-7.147	1	3.43E-20	0.25
-7.137	1	1.64E-14	0.25
-7.127	1	1.06E-09	0.25
-7.117	1	9.29E-06	0.25
-7.107	1	1.10E-02	0.25
-7.097	1	1.77E+00	0.25
-7.087	1	3.84E+01	0.25
-7.077	1	1.13E+02	0.25
-7.067	1	4.48E+01	0.25
-7.057	1	2.41E+00	0.25
-7.047	1	1.76E-02	0.25
-7.037	1	1.73E-05	0.25
-7.027	1	2.31E-09	0.25
-7.017	1	4.16E-14	0.25
-7.007	1	1.02E-19	0.25
-6.997	1	3.36E-26	0.25
-6.987	1	1.51E-33	0.25
-6.977	1	9.11E-42	0.25
-6.967	1	7.47E-51	0.25
-6.957	1	8.28E-61	0.25
-6.947	1	1.24E-71	0.25
-6.937	1	3.76E-83	0.25
-6.927	1	1.25E-83	0.25
-6.917	1	1.25E-83	0.25
-6.907	1	1.25E-83	0.25
-6.897	1	1.25E-83	0.25
-6.887	1	1.25E-83	0.25
-6.877	1	1.25E-83	0.25
-6.867	1	1.25E-83	0.25
-6.857	1	1.25E-83	0.25
-6.847	1	1.25E-83	0.25
-6.837	1	1.25E-83	0.25
-6.827	1	1.25E-83	0.25
-6.817	1	1.25E-83	0.25
-6.807	1	1.25E-83	0.25
-6.797	1	1.25E-83	0.25
-6.787	1	1.25E-83	0.25
-6.777	1	6.65E-80	0.25
-6.767	1	1.85E-68	0.25
-6.757	1	6.97E-58	0.25
-6.747	1	3.56E-48	0.25
-6.737	1	2.45E-39	0.25
-6.727	1	2.29E-31	0.25
-6.717	1	2.90E-24	0.25
-6.707	1	4.96E-18	0.25
-6.697	1	1.15E-12	0.25
-6.687	1	3.60E-08	0.25
-6.677	1	1.53E-04	0.25
-6.667	1	8.75E-02	0.25
-6.657	1	6.80E+00	0.25
-6.647	1	7.14E+01	0.25
-6.637	1	1.02E+02	0.25
-6.627	1	1.96E+01	0.25
-6.617	1	5.10E-01	0.25
-6.607	1	1.80E-03	0.25
-6.597	1	8.58E-07	0.25
-6.587	1	5.54E-11	0.25
-6.577	1	4.84E-16	0.25
-6.567	1	5.73E-22	0.25
-6.557	1	9.17E-29	0.25
-6.547	1	1.99E-36	0.25
-6.537	1	5.82E-45	0.25
-6.527	1	2.31E-54	0.25
-6.517	1	1.24E-64	0.25
-6.507	1	9.02E-76	0.25
-6.497	1	2.12E-69	0.25
-6.487	1	9.46E-59	0.25
-6.477	1	5.72E-49	0.25
-6.467	1	4.68E-40	0.25
-6.457	1	5.18E-32	0.25
-6.447	1	7.77E-25	0.25
-6.437	1	1.58E-18	0.25
-6.427	1	4.33E-13	0.25
-6.417	1	1.61E-08	0.25
-6.407	1	8.09E-05	0.25
-6.397	1	5.50E-02	0.25
-6.387	1	5.07E+00	0.25
-6.377	1	6.32E+01	0.25
-6.367	1	1.07E+02	0.25
-6.357	1	2.43E+01	0.25
-6.347	1	7.52E-01	0.25
-6.337	1	3.14E-03	0.25
-6.327	1	1.78E-06	0.25
-6.317	1	1.36E-10	0.25
-6.307	1	1.41E-15	0.25
-6.297	1	1.98E-21	0.25
-6.287	1	3.76E-28	0.25
-6.277	1	9.66E-36	0.25
-6.267	1	3.36E-44	0.25
-6.257	1	1.58E-53	0.25
-6.247	1	1.01E-63	0.25
-6.237	1	8.68E-75	0.25
-6.227	1	1.25E-83	0.25
-6.217	1	1.25E-83	0.25
-6.207	1	1.25E-83	0.25
-6.197	1	1.00E-78	0.25
-6.187	1	2.29E-67	0.25
-6.177	1	7.07E-57	0.25
-6.167	1	2.96E-47	0.25
-6.157	1	1.67E-38	0.25
-6.147	1	1.28E-30	0.25
-6.137	1	1.32E-23	0.25
-6.127	1	1.86E-17	0.25
-6.117	1	3.52E-12	0.25
-6.107	1	9.04E-08	0.25
-6.097	1	3.14E-04	0.25
-6.087	1	1.48E-01	0.25
-6.077	1	9.40E+00	0.25
-6.067	1	8.09E+01	0.25
-6.057	1	9.43E+01	0.25
-6.047	1	1.49E+01	0.25
-6.037	1	3.18E-01	0.25
-6.027	1	9.18E-04	0.25
-6.017	1	3.59E-07	0.25
-6.007	1	1.90E-11	0.25
-5.997	1	1.36E-16	0.25
-5.987	1	1.32E-22	0.25
-5.977	1	1.73E-29	0.25
-5.967	1	3.07E-37	0.25
-5.957	1	7.22E-42	0.25
-5.947	1	1.22E-33	0.25
-5.937	1	2.79E-26	0.25
-5.927	1	8.65E-20	0.25
-5.917	1	3.62E-14	0.25
-5.907	1	2.06E-09	0.25
-5.897	1	1.58E-05	0.25
-5.887	1	1.64E-02	0.25
-5.877	1	2.30E+00	0.25
-5.867	1	4.38E+01	0.25
-5.857	1	1.13E+02	0.25
-5.847	1	3.93E+01	0.25
-5.837	1	1.85E+00	0.25
-5.827	1	2.37E-01	0.25
-5.817	1	1.21E+01	0.25
-5.807	1	8.85E+01	0.25
-5.797	1	8.73E+01	0.25
-5.787	1	1.17E+01	0.25
-5.777	1	2.11E-01	0.25
-5.767	1	5.16E-04	0.25
-5.757	1	1.71E-07	0.25
-5.747	1	7.65E-12	0.25
-5.737	1	4.64E-17	0.25
-5.727	1	3.80E-23	0.25
-5.717	1	4.22E-30	0.25
-5.707	1	6.35E-38	0.25
-5.697	1	2.21E-41	0.25
-5.687	1	3.34E-33	0.25
-5.677	1	6.82E-26	0.25
-5.667	1	1.89E-19	0.25
-5.657	1	7.07E-14	0.25
-5.647	1	3.58E-09	0.25
-5.637	1	2.46E-05	0.25
-5.627	1	2.28E-02	0.25
-5.617	1	2.87E+00	0.25
-5.607	1	4.87E+01	0.25
-5.597	1	1.12E+02	0.25
-5.587	1	3.49E+01	0.25
-5.577	1	5.03E+00	0.25
-5.567	1	5.39E+01	0.25
-5.557	1	1.11E+02	0.25
-5.547	1	3.07E+01	0.25
-5.537	1	1.16E+00	0.25
-5.527	1	5.87E-03	0.25
-5.517	1	4.04E-06	0.25
-5.507	1	3.77E-10	0.25
-5.497	1	4.75E-15	0.25
-5.487	1	8.10E-21	0.25
-5.477	1	1.87E-27	0.25
-5.467	1	5.85E-35	0.25
-5.457	1	2.47E-43	0.25
-5.447	1	1.42E-52	0.25
-5.437	1	1.10E-62	0.25
-5.427	1	1.15E-73	0.25
-5.417	1	1.25E-83	0.25
-5.407	1	1.25E-83	0.25
-5.397	1	1.25E-83	0.25
-5.387	1	1.25E-83	0.25
-5.377	1	1.25E-83	0.25
-5.367	1	1.25E-83	0.25
-5.357	1	1.25E-83	0.25
-5.347	1	1.25E-83	0.25
-5.337	1	1.25E-83	0.25
-5.327	1	1.25E-83	0.25
-5.317	1	1.25E-83	0.25
-5.307	1	1.25E-83	0.25
-5.297	1	1.25E-83	0.25
-5.287	1	1.25E-83	0.25
-5.277	1	1.25E-83	0.25
-5.267	1	1.25E-83	0.25
-5.257	1	1.25E-83	0.25
-5.247	1	1.25E-83	0.25
-5.237	1	1.25E-83	0.25
-5.227	1	1.25E-83	0.25
-5.217	1	1.25E-83	0.25
-5.207	1	1.25E-83	0.25
-5.197	1	1.25E-83	0.25
-5.187	1	1.25E-83	0.25
-5.177	1	1.25E-83	0.25
-5.167	1	1.25E-83	0.25
-5.157	1	1.25E-83	0.25
-5.147	1	1.25E-83	0.25
-5.137	1	1.25E-83	0.25
-5.127	1	1.25E-83	0.25
-5.117	1	1.25E-83	0.25
-5.107	1	1.25E-83	0.25
-5.097	1	1.25E-83	0.25
-5.087	1	1.25E-83	0.25
-5.077	1	1.25E-83	0.25
-5.067	1	1.25E-83	0.25
-5.057	1	1.25E-83	0.25
-5.047	1	1.25E-83	0.25
-5.037	1	1.25E-83	0.25
-5.027	1	1.25E-83	0.25
-5.017	1	1.25E-83	0.25
-5.007	1	1.25E-83	0.25
-4.997	1	1.25E-83	0.25
-4.987	1	1.25E-83	0.25
-4.977	1	1.25E-83	0.25
-4.967	1	1.25E-83	0.25
-4.957	1	1.25E-83	0.25
-4.947	1	1.25E-83	0.25
-4.937	1	1.25E-83	0.25
-4.927	1	1.25E-83	0.25
-4.917	1	1.25E-83	0.25
-4.907	1	1.25E-83	0.25
-4.897	1	1.25E-83	0.25
-4.887	1	1.25E-83	0.25
-4.877	1	1.25E-83	0.25
-4.867	1	1.25E-83	0.25
-4.857	1	1.25E-83	0.25
-4.847	1	1.25E-83	0.25
-4.837	1	1.25E-83	0.25
-4.827	1	1.25E-83	0.25
-4.817	1	1.25E-83	0.25
-4.807	1	1.25E-83	0.25
-4.797	1	1.25E-83	0.25
-4.787	1	1.25E-83	0.25
-4.777	1	1.25E-83	0.25
-4.767	1	1.25E-83	0.25
-4.757	1	1.25E-83	0.25
-4.747	1	1.25E-83	0.25
-4.737	1	1.25E-83	0.25
-4.727	1	1.25E-83	0.25
-4.717	1	1.25E-83	0.25
-4.707	1	1.25E-83	0.25
-4.697	1	1.25E-83	0.25
-4.687	1	1.25E-83	0.25
-4.677	1	1.25E-83	0.25
-4.667	1	1.25E-83	0.25
-4.657	1	1.25E-83	0.25
-4.647	1	1.25E-83	0.25
-4.637	1	1.25E-83	0.25
-4.627	1	1.25E-83	0.25
-4.617	1	1.25E-83	0.25
-4.607	1	1.25E-83	0.25
-4.597	1	1.25E-83	0.25
-4.587	1	1.25E-83	0.25
-4.577	1	1.25E-83	0.25
-4.567	1	1.25E-83	0.25
-4.557	1	1.25E-83	0.25
-4.547	1	1.25E-83	0.25
-4.537	1	1.25E-83	0.25
-4.527	1	1.25E-83	0.25
-4.517	1	1.25E-83	0.25
-4.507	1	1.25E-83	0.25
-4.497	1	1.25E-83	0.25
-4.487	1	1.25E-83	0.25
-4.477	1	1.25E-83	0.25
-4.467	1	1.25E-83	0.25
-4.457	1	1.25E-83	0.25
-4.447	1	1.25E-83	0.25
-4.437	1	1.25E-83	0.25
-4.427	1	1.25E-83	0.25
-4.417	1	1.25E-83	0.25
-4.407	1	1.25E-83	0.25
-4.397	1	1.25E-83	0.25
-4.387	1	1.25E-83	0.25
-4.377	1	1.25E-83	0.25
-4.367	1	1.25E-83	0.25
-4.357	1	1.25E-83	0.25
-4.347	1	1.25E-83	0.25
-4.337	1	1.25E-83	0.25
-4.327	1	1.25E-83	0.25
-4.317	1	1.25E-83	0.25
-4.307	1	1.25E-83	0.25
-4.297	1	1.25E-83	0.25
-4.287	1	1.25E-83	0.25
-4.277	1	1.25E-83	0.25
-4.267	1	1.25E-83	0.25
-4.257	1	1.25E-83	0.25
-4.247	1	1.25E-83	0.25
-4.237	1	1.25E-83	0.25
-4.227	1	1.25E-83	0.25
-4.217	1	1.25E-83	0.25
-4.207	1	1.25E-83	0.25
-4.197	1	1.25E-83	0.25
-4.187	1	1.25E-83	0.25
-4.177	1	1.25E-83	0.25
-4.167	1	1.25E-83	0.25
-4.157	1	1.25E-83	0.25
-4.147	1	1.25E-83	0.25
-4.137	1	1.25E-83	0.25
-4.127	1	1.25E-83	0.25
-4.117	1	1.25E-83	0.25
-4.107	1	1.25E-83	0.25
-4.097	1	1.25E-83	0.25
-4.087	1	1.25E-83	0.25
-4.077	1	1.25E-83	0.25
-4.067	1	1.25E-83	0.25
-4.057	1	1.25E-83	0.25
-4.047	1	1.25E-83	0.25
-4.037	1	1.25E-83	0.25
-4.027	1	1.25E-83	0.25
-4.017	1	1.25E-83	0.25
-4.007	1	1.25E-83	0.25
-3.997	1	1.25E-83	0.25
-3.987	1	1.25E-83	0.25
-3.977	1	1.25E-83	0.25
-3.967	1	1.25E-83	0.25
-3.957	1	1.25E-83	0.25
-3.947	1	1.25E-83	0.25
-3.937	1	1.25E-83	0.25
-3.927	1	1.25E-83	0.25
-3.917	1	1.25E-83	0.25
-3.907	1	1.25E-83	0.25
-3.897	1	1.25E-83	0.25
-3.887	1	1.25E-83	0.25
-3.877	1	1.25E-83	0.25
-3.867	1	1.25E-83	0.25
-3.857	1	1.25E-83	0.25
-3.847	1	1.25E-83	0.25
-3.837	1	1.25E-83	0.25
-3.827	1	1.25E-83	0.25
-3.817	1	1.25E-83	0.25
-3.807	1	1.25E-83	0.25
-3.797	1	1.25E-83	0.25
-3.787	1	1.25E-83	0.25
-3.777	1	1.25E-83	0.25
-3.767	1	1.25E-83	0.25
-3.757	1	1.25E-83	0.25
-3.747	1	1.25E-83	0.25
-3.737	1	1.25E-83	0.25
-3.727	1	1.25E-83	0.25
-3.717	1	1.25E-83	0.25
-3.707	1	1.25E-83	0.25
-3.697	1	1.25E-83	0.25
-3.687	1	1.25E-83	0.25
-3.677	1	1.25E-83	0.25
-3.667	1	1.25E-83	0.25
-3.657	1	1.25E-83	0.25
-3.647	1	1.25E-83	0.25
-3.637	1	1.25E-83	0.25
-3.627	1	1.25E-83	0.25
-3.617	1	1.25E-83	0.25
-3.607	1	1.25E-83	0.25
-3.597	1	1.25E-83	0.25
-3.587	1	1.25E-83	0.25
-3.577	1	1.25E-83	0.25
-3.567	1	1.25E-83	0.25
-3.557	1	1.25E-83	0.25
-3.547	1	1.25E-83	0.25
-3.537	1	1.25E-83	0.25
-3.527	1	1.25E-83	0.25
-3.517	1	1.25E-83	0.25
-3.507	1	1.25E-83	0.25
-3.497	1	1.25E-83	0.25
-3.487	1	1.25E-83	0.25
-3.477	1	1.25E-83	0.25
-3.467	1	1.25E-83	0.25
-3.457	1	1.25E-83	0.25
-3.447	1	1.25E-83	0.25
-3.437	1	1.25E-83	0.25
-3.427	1	1.25E-83	0.25
-3.417	1	1.25E-83	0.25
-3.407	1	1.25E-83	0.25
-3.397	1	3.25E-74	0.25
-3.387	1	3.41E-63	0.25
-3.377	1	4.84E-53	0.25
-3.367	1	9.31E-44	0.25
-3.357	1	2.42E-35	0.25
-3.347	1	8.54E-28	0.25
-3.337	1	4.07E-21	0.25
-3.327	1	2.63E-15	0.25
-3.317	1	2.29E-10	0.25
-3.307	1	2.71E-06	0.25
-3.297	1	4.33E-03	0.25
-3.287	1	9.38E-01	0.25
-3.277	1	2.75E+01	0.25
-3.267	1	1.09E+02	0.25
-3.257	1	5.84E+01	0.25
-3.247	1	4.24E+00	0.25
-3.237	1	4.17E-02	0.25
-3.227	1	5.54E-05	0.25
-3.217	1	9.98E-09	0.25
-3.207	1	2.43E-13	0.25
-3.197	1	8.01E-19	0.25
-3.187	1	3.57E-25	0.25
-3.177	1	2.16E-32	0.25
-3.167	1	1.76E-40	0.25
-3.157	1	1.95E-49	0.25
-3.147	1	2.92E-59	0.25
-3.137	1	5.91E-70	0.25
-3.127	1	1.63E-81	0.25
-3.117	1	1.25E-83	0.25
-3.107	1	1.25E-83	0.25
-3.097	1	1.25E-83	0.25
-3.087	1	1.25E-83	0.25
-3.077	1	1.25E-83	0.25
-3.067	1	1.25E-83	0.25
-3.057	1	1.25E-83	0.25
-3.047	1	1.25E-83	0.25
-3.037	1	1.25E-83	0.25
-3.027	1	1.25E-83	0.25
-3.017	1	1.25E-83	0.25
-3.007	1	1.25E-83	0.25
-2.997	1	1.25E-83	0.25
-2.987	1	1.25E-83	0.25
-2.977	1	1.25E-83	0.25
-2.967	1	1.25E-83	0.25
-2.957	1	1.25E-83	0.25
-2.947	1	1.25E-83	0.25
-2.937	1	1.25E-83	0.25
-2.927	1	1.25E-83	0.25
-2.917	1	1.25E-83	0.25
-2.907	1	1.25E-83	0.25
-2.897	1	1.25E-83	0.25
-2.887	1	1.25E-83	0.25
-2.877	1	1.25E-83	0.25
-2.867	1	1.25E-83	0.25
-2.857	1	1.25E-83	0.25
-2.847	1	1.25E-83	0.25
-2.837	1	1.25E-83	0.25
-2.827	1	1.25E-83	0.25
-2.817	1	1.25E-83	0.25
-2.807	1	1.25E-83	0.25
-2.797	1	1.25E-83	0.25
-2.787	1	1.25E-83	0.25
-2.777	1	1.25E-83	0.25
-2.767	1	1.25E-83	0.25
-2.757	1	6.43E-80	0.25
-2.747	1	1.80E-68	0.25
-2.737	1	6.78E-58	0.25
-2.727	1	3.47E-48	0.25
-2.717	1	2.40E-39	0.25
-2.707	1	2.25E-31	0.25
-2.697	1	2.85E-24	0.25
-2.687	1	4.88E-18	0.25
-2.677	1	1.13E-12	0.25
-2.667	1	3.56E-08	0.25
-2.657	1	1.51E-04	0.25
-2.647	1	8.69E-02	0.25
-2.637	1	6.77E+00	0.25
-2.627	1	7.13E+01	0.25
-2.617	1	1.02E+02	0.25
-2.607	1	1.96E+01	0.25
-2.597	1	5.13E-01	0.25
-2.587	1	1.81E-03	0.25
-2.577	1	8.66E-07	0.25
-2.567	1	5.61E-11	0.25
-2.557	1	4.91E-16	0.25
-2.547	1	5.83E-22	0.25
-2.537	1	9.35E-29	0.25
-2.527	1	2.03E-36	0.25
-2.517	1	5.97E-45	0.25
-2.507	1	2.37E-54	0.25
-2.497	1	1.28E-64	0.25
-2.487	1	9.31E-76	0.25
-2.477	1	1.25E-83	0.25
-2.467	1	1.25E-83	0.25
-2.457	1	1.25E-83	0.25
-2.447	1	1.25E-83	0.25
-2.437	1	1.25E-83	0.25
-2.427	1	1.25E-83	0.25
-2.417	1	1.25E-83	0.25
-2.407	1	1.25E-83	0.25
-2.397	1	1.25E-83	0.25
-2.387	1	1.25E-83	0.25
-2.377	1	1.25E-83	0.25
-2.367	1	1.25E-83	0.25
-2.357	1	1.25E-83	0.25
-2.347	1	1.25E-83	0.25
-2.337	1	1.25E-83	0.25
-2.327	1	1.25E-83	0.25
-2.317	1	1.25E-83	0.25
-2.307	1	1.25E-83	0.25
-2.297	1	1.25E-83	0.25
-2.287	1	1.25E-83	0.25
-2.277	1	1.25E-83	0.25
-2.267	1	1.25E-83	0.25
-2.257	1	1.25E-83	0.25
-2.247	1	1.25E-83	0.25
-2.237	1	1.25E-83	0.25
-2.227	1	1.25E-83	0.25
-2.217	1	1.25E-83	0.25
-2.207	1	1.25E-83	0.25
-2.197	1	1.25E-83	0.25
-2.187	1	1.25E-83	0.25
-2.177	1	1.25E-83	0.25
-2.167	1	1.25E-83	0.25
-2.157	1	1.25E-83	0.25
-2.147	1	1.25E-83	0.25
-2.137	1	1.25E-83	0.25
-2.127	1	1.25E-83	0.25
-2.117	1	1.25E-83	0.25
-2.107	1	1.25E-83	0.25
-2.097	1	1.25E-83	0.25
-2.087	1	1.25E-83	0.25
-2.077	1	1.25E-83	0.25
-2.067	1	1.25E-83	0.25
-2.057	1	1.25E-83	0.25
-2.047	1	1.25E-83	0.25
-2.037	1	1.25E-83	0.25
-2.027	1	1.25E-83	0.25
-2.017	1	1.25E-83	0.25
-2.007	1	1.25E-83	0.25
-1.997	1	1.25E-83	0.25
-1.987	1	1.25E-83	0.25
-1.977	1	1.25E-83	0.25
-1.967	1	1.25E-83	0.25
-1.957	1	1.25E-83	0.25
-1.947	1	1.25E-83	0.25
-1.937	1	1.25E-83	0.25
-1.927	1	1.25E-83	0.25
-1.917	1	1.25E-83	0.25
-1.907	1	1.25E-83	0.25
-1.897	1	1.25E-83	0.25
-1.887	1	1.25E-83	0.25
-1.877	1	1.25E-83	0.25
-1.867	1	1.25E-83	0.25
-1.857	1	1.25E-83	0.25
-1.847	1	1.25E-83	0.25
-1.837	1	1.25E-83	0.25
-1.827	1	1.25E-83	0.25
-1.817	1	1.25E-83	0.25
-1.807	1	1.25E-83	0.25
-1.797	1	1.25E-83	0.25
-1.787	1	1.25E-83	0.25
-1.777	1	1.25E-83	0.25
-1.767	1	1.25E-83	0.25
-1.757	1	1.25E-83	0.25
-1.747	1	1.25E-83	0.25
-1.737	1	1.25E-83	0.25
-1.727	1	1.25E-83	0.25
-1.717	1	1.25E-83	0.25
-1.707	1	1.25E-83	0.25
-1.697	1	1.25E-83	0.25
-1.687	1	1.25E-83	0.25
-1.677	1	1.25E-83	0.25
-1.667	1	2.22E-79	0.25
-1.657	1	5.65E-68	0.25
-1.647	1	1.95E-57	0.25
-1.637	1	9.10E-48	0.25
-1.627	1	5.75E-39	0.25
-1.617	1	4.92E-31	0.25
-1.607	1	5.69E-24	0.25
-1.597	1	8.91E-18	0.25
-1.587	1	1.89E-12	0.25
-1.577	1	5.42E-08	0.25
-1.567	1	2.10E-04	0.25
-1.557	1	1.11E-01	0.25
-1.547	1	7.86E+00	0.25
-1.537	1	7.57E+01	0.25
-1.527	1	9.86E+01	0.25
-1.517	1	1.74E+01	0.25
-1.507	1	4.14E-01	0.25
-1.497	1	1.34E-03	0.25
-1.487	1	5.85E-07	0.25
-1.477	1	3.46E-11	0.25
-1.467	1	2.80E-16	0.25
-1.457	1	7.77E-13	0.25
-1.447	1	2.61E-08	0.25
-1.437	1	1.18E-04	0.25
-1.427	1	7.28E-02	0.25
-1.417	1	6.05E+00	0.25
-1.407	1	6.81E+01	0.25
-1.397	1	1.04E+02	0.25
-1.387	1	2.14E+01	0.25
-1.377	1	5.97E-01	0.25
-1.367	1	2.25E-03	0.25
-1.357	1	1.15E-06	0.25
-1.347	1	7.96E-11	0.25
-1.337	1	7.45E-16	0.25
-1.327	1	1.35E-14	0.25
-1.317	1	9.03E-10	0.25
-1.307	1	8.17E-06	0.25
-1.297	1	9.99E-03	0.25
-1.287	1	1.66E+00	0.25
-1.277	1	3.71E+01	0.25
-1.267	1	1.13E+02	0.25
-1.257	1	4.71E+01	0.25
-1.247	1	2.89E+01	0.25
-1.237	1	1.08E+02	0.25
-1.227	1	6.01E+01	0.25
-1.217	1	4.52E+00	0.25
-1.207	1	4.60E-02	0.25
-1.197	1	6.33E-05	0.25
-1.187	1	1.18E-08	0.25
-1.177	1	2.98E-13	0.25
-1.167	1	1.02E-18	0.25
-1.157	1	4.70E-25	0.25
-1.147	1	2.94E-32	0.25
-1.137	1	2.49E-40	0.25
-1.127	1	2.85E-49	0.25
-1.117	1	4.41E-59	0.25
-1.107	1	9.25E-70	0.25
-1.097	1	2.64E-81	0.25
-1.087	1	1.25E-83	0.25
-1.077	1	1.25E-83	0.25
-1.067	1	1.25E-83	0.25
-1.057	1	1.25E-83	0.25
-1.047	1	1.25E-83	0.25
-1.037	1	1.25E-83	0.25
-1.027	1	1.25E-83	0.25
-1.017	1	1.25E-83	0.25
-1.007	1	1.25E-83	0.25
-0.997	1	1.25E-83	0.25
-0.987	1	1.25E-83	0.25
-0.977	1	1.25E-83	0.25
-0.967	1	1.25E-83	0.25
-0.957	1	1.25E-83	0.25
-0.947	1	1.25E-83	0.25
-0.937	1	1.25E-83	0.25
-0.927	1	1.25E-83	0.25
-0.917	1	1.25E-83	0.25
-0.907	1	1.25E-83	0.25
-0.897	1	1.25E-83	0.25
-0.887	1	1.25E-83	0.25
-0.877	1	1.25E-83	0.25
-0.867	1	1.25E-83	0.25
-0.857	1	1.25E-83	0.25
-0.847	1	1.25E-83	0.25
-0.837	1	1.25E-83	0.25
-0.827	1	1.25E-83	0.25
-0.817	1	1.25E-83	0.25
-0.807	1	1.25E-83	0.25
-0.797	1	1.25E-83	0.25
-0.787	1	1.25E-83	0.25
-0.777	1	1.25E-83	0.25
-0.767	1	1.25E-83	0.25
-0.757	1	1.25E-83	0.25
-0.747	1	1.25E-83	0.25
-0.737	1	8.73E-79	0.25
-0.727	1	2.01E-67	0.25
-0.717	1	6.28E-57	0.25
-0.707	1	2.65E-47	0.25
-0.697	1	1.51E-38	0.25
-0.687	1	1.17E-30	0.25
-0.677	1	1.23E-23	0.25
-0.667	1	1.74E-17	0.25
-0.657	1	3.33E-12	0.25
-0.647	1	8.62E-08	0.25
-0.637	1	3.03E-04	0.25
-0.627	1	1.44E-01	0.25
-0.617	1	9.25E+00	0.25
-0.607	1	8.04E+01	0.25
-0.597	1	9.47E+01	0.25
-0.587	1	1.51E+01	0.25
-0.577	1	3.26E-01	0.25
-0.567	1	9.50E-04	0.25
-0.557	1	3.75E-07	0.25
-0.547	1	1.52E-07	0.25
-0.537	1	4.70E-04	0.25
-0.527	1	1.97E-01	0.25
-0.517	1	1.12E+01	0.25
-0.507	1	8.61E+01	0.25
-0.497	1	8.96E+01	0.25
-0.487	1	1.26E+01	0.25
-0.477	1	2.40E-01	0.25
-0.467	1	6.20E-04	0.25
-0.457	1	2.16E-07	0.25
-0.447	1	1.02E-11	0.25
-0.437	1	6.53E-17	0.25
-0.427	1	7.04E-19	0.25
-0.417	1	2.18E-13	0.25
-0.407	1	9.11E-09	0.25
-0.397	1	5.16E-05	0.25
-0.387	1	3.95E-02	0.25
-0.377	1	4.10E+00	0.25
-0.367	1	5.77E+01	0.25
-0.357	1	1.19E+02	0.25
-0.347	1	1.11E+02	0.25
